CRITICAL - 2020-09-02 10:19:47 --> Call to undefined function App\Controllers\ganti()
#0 C:\xampp\htdocs\sikerja\system\CodeIgniter.php(918): App\Controllers\NyobaHelper->index()
#1 C:\xampp\htdocs\sikerja\system\CodeIgniter.php(404): CodeIgniter\CodeIgniter->runController(Object(App\Controllers\NyobaHelper))
#2 C:\xampp\htdocs\sikerja\system\CodeIgniter.php(312): CodeIgniter\CodeIgniter->handleRequest(NULL, Object(Config\Cache), false)
#3 C:\xampp\htdocs\sikerja\public\index.php(45): CodeIgniter\CodeIgniter->run()
#4 C:\xampp\htdocs\sikerja\system\Commands\Server\rewrite.php(34): require_once('C:\\xampp\\htdocs...')
#5 {main}
CRITICAL - 2020-09-02 10:22:00 --> syntax error, unexpected 'helper' (T_STRING), expecting function (T_FUNCTION) or const (T_CONST)
#0 C:\xampp\htdocs\sikerja\system\Autoloader\Autoloader.php(296): CodeIgniter\Autoloader\Autoloader->requireFile('C:\\xampp\\htdocs...')
#1 C:\xampp\htdocs\sikerja\system\Autoloader\Autoloader.php(258): CodeIgniter\Autoloader\Autoloader->loadInNamespace('App\\Controllers...')
#2 [internal function]: CodeIgniter\Autoloader\Autoloader->loadClass('App\\Controllers...')
#3 [internal function]: spl_autoload_call('App\\Controllers...')
#4 C:\xampp\htdocs\sikerja\system\CodeIgniter.php(869): class_exists('\\App\\Controller...', true)
#5 C:\xampp\htdocs\sikerja\system\CodeIgniter.php(394): CodeIgniter\CodeIgniter->startController()
#6 C:\xampp\htdocs\sikerja\system\CodeIgniter.php(312): CodeIgniter\CodeIgniter->handleRequest(NULL, Object(Config\Cache), false)
#7 C:\xampp\htdocs\sikerja\public\index.php(45): CodeIgniter\CodeIgniter->run()
#8 C:\xampp\htdocs\sikerja\system\Commands\Server\rewrite.php(34): require_once('C:\\xampp\\htdocs...')
#9 {main}
CRITICAL - 2020-09-02 10:22:01 --> syntax error, unexpected 'helper' (T_STRING), expecting function (T_FUNCTION) or const (T_CONST)
#0 C:\xampp\htdocs\sikerja\system\Autoloader\Autoloader.php(296): CodeIgniter\Autoloader\Autoloader->requireFile('C:\\xampp\\htdocs...')
#1 C:\xampp\htdocs\sikerja\system\Autoloader\Autoloader.php(258): CodeIgniter\Autoloader\Autoloader->loadInNamespace('App\\Controllers...')
#2 [internal function]: CodeIgniter\Autoloader\Autoloader->loadClass('App\\Controllers...')
#3 [internal function]: spl_autoload_call('App\\Controllers...')
#4 C:\xampp\htdocs\sikerja\system\CodeIgniter.php(869): class_exists('\\App\\Controller...', true)
#5 C:\xampp\htdocs\sikerja\system\CodeIgniter.php(394): CodeIgniter\CodeIgniter->startController()
#6 C:\xampp\htdocs\sikerja\system\CodeIgniter.php(312): CodeIgniter\CodeIgniter->handleRequest(NULL, Object(Config\Cache), false)
#7 C:\xampp\htdocs\sikerja\public\index.php(45): CodeIgniter\CodeIgniter->run()
#8 C:\xampp\htdocs\sikerja\system\Commands\Server\rewrite.php(34): require_once('C:\\xampp\\htdocs...')
#9 {main}
CRITICAL - 2020-09-02 10:23:11 --> syntax error, unexpected '}', expecting end of file
#0 C:\xampp\htdocs\sikerja\app\Controllers\NyobaHelper.php(9): helper(Array)
#1 C:\xampp\htdocs\sikerja\system\CodeIgniter.php(918): App\Controllers\NyobaHelper->index()
#2 C:\xampp\htdocs\sikerja\system\CodeIgniter.php(404): CodeIgniter\CodeIgniter->runController(Object(App\Controllers\NyobaHelper))
#3 C:\xampp\htdocs\sikerja\system\CodeIgniter.php(312): CodeIgniter\CodeIgniter->handleRequest(NULL, Object(Config\Cache), false)
#4 C:\xampp\htdocs\sikerja\public\index.php(45): CodeIgniter\CodeIgniter->run()
#5 C:\xampp\htdocs\sikerja\system\Commands\Server\rewrite.php(34): require_once('C:\\xampp\\htdocs...')
#6 {main}
CRITICAL - 2020-09-02 10:23:12 --> syntax error, unexpected '}', expecting end of file
#0 C:\xampp\htdocs\sikerja\app\Controllers\NyobaHelper.php(9): helper(Array)
#1 C:\xampp\htdocs\sikerja\system\CodeIgniter.php(918): App\Controllers\NyobaHelper->index()
#2 C:\xampp\htdocs\sikerja\system\CodeIgniter.php(404): CodeIgniter\CodeIgniter->runController(Object(App\Controllers\NyobaHelper))
#3 C:\xampp\htdocs\sikerja\system\CodeIgniter.php(312): CodeIgniter\CodeIgniter->handleRequest(NULL, Object(Config\Cache), false)
#4 C:\xampp\htdocs\sikerja\public\index.php(45): CodeIgniter\CodeIgniter->run()
#5 C:\xampp\htdocs\sikerja\system\Commands\Server\rewrite.php(34): require_once('C:\\xampp\\htdocs...')
#6 {main}
CRITICAL - 2020-09-02 10:25:05 --> syntax error, unexpected '}', expecting end of file
#0 C:\xampp\htdocs\sikerja\app\Controllers\NyobaHelper.php(9): helper(Array)
#1 C:\xampp\htdocs\sikerja\system\CodeIgniter.php(918): App\Controllers\NyobaHelper->index()
#2 C:\xampp\htdocs\sikerja\system\CodeIgniter.php(404): CodeIgniter\CodeIgniter->runController(Object(App\Controllers\NyobaHelper))
#3 C:\xampp\htdocs\sikerja\system\CodeIgniter.php(312): CodeIgniter\CodeIgniter->handleRequest(NULL, Object(Config\Cache), false)
#4 C:\xampp\htdocs\sikerja\public\index.php(45): CodeIgniter\CodeIgniter->run()
#5 C:\xampp\htdocs\sikerja\system\Commands\Server\rewrite.php(34): require_once('C:\\xampp\\htdocs...')
#6 {main}
CRITICAL - 2020-09-02 10:25:06 --> syntax error, unexpected '}', expecting end of file
#0 C:\xampp\htdocs\sikerja\app\Controllers\NyobaHelper.php(9): helper(Array)
#1 C:\xampp\htdocs\sikerja\system\CodeIgniter.php(918): App\Controllers\NyobaHelper->index()
#2 C:\xampp\htdocs\sikerja\system\CodeIgniter.php(404): CodeIgniter\CodeIgniter->runController(Object(App\Controllers\NyobaHelper))
#3 C:\xampp\htdocs\sikerja\system\CodeIgniter.php(312): CodeIgniter\CodeIgniter->handleRequest(NULL, Object(Config\Cache), false)
#4 C:\xampp\htdocs\sikerja\public\index.php(45): CodeIgniter\CodeIgniter->run()
#5 C:\xampp\htdocs\sikerja\system\Commands\Server\rewrite.php(34): require_once('C:\\xampp\\htdocs...')
#6 {main}
CRITICAL - 2020-09-02 10:25:30 --> syntax error, unexpected 'helper' (T_STRING), expecting function (T_FUNCTION) or const (T_CONST)
#0 C:\xampp\htdocs\sikerja\system\Autoloader\Autoloader.php(296): CodeIgniter\Autoloader\Autoloader->requireFile('C:\\xampp\\htdocs...')
#1 C:\xampp\htdocs\sikerja\system\Autoloader\Autoloader.php(258): CodeIgniter\Autoloader\Autoloader->loadInNamespace('App\\Controllers...')
#2 [internal function]: CodeIgniter\Autoloader\Autoloader->loadClass('App\\Controllers...')
#3 [internal function]: spl_autoload_call('App\\Controllers...')
#4 C:\xampp\htdocs\sikerja\system\CodeIgniter.php(869): class_exists('\\App\\Controller...', true)
#5 C:\xampp\htdocs\sikerja\system\CodeIgniter.php(394): CodeIgniter\CodeIgniter->startController()
#6 C:\xampp\htdocs\sikerja\system\CodeIgniter.php(312): CodeIgniter\CodeIgniter->handleRequest(NULL, Object(Config\Cache), false)
#7 C:\xampp\htdocs\sikerja\public\index.php(45): CodeIgniter\CodeIgniter->run()
#8 C:\xampp\htdocs\sikerja\system\Commands\Server\rewrite.php(34): require_once('C:\\xampp\\htdocs...')
#9 {main}
CRITICAL - 2020-09-02 10:25:37 --> syntax error, unexpected 'helper' (T_STRING), expecting function (T_FUNCTION) or const (T_CONST)
#0 C:\xampp\htdocs\sikerja\system\Autoloader\Autoloader.php(296): CodeIgniter\Autoloader\Autoloader->requireFile('C:\\xampp\\htdocs...')
#1 C:\xampp\htdocs\sikerja\system\Autoloader\Autoloader.php(258): CodeIgniter\Autoloader\Autoloader->loadInNamespace('App\\Controllers...')
#2 [internal function]: CodeIgniter\Autoloader\Autoloader->loadClass('App\\Controllers...')
#3 [internal function]: spl_autoload_call('App\\Controllers...')
#4 C:\xampp\htdocs\sikerja\system\CodeIgniter.php(869): class_exists('\\App\\Controller...', true)
#5 C:\xampp\htdocs\sikerja\system\CodeIgniter.php(394): CodeIgniter\CodeIgniter->startController()
#6 C:\xampp\htdocs\sikerja\system\CodeIgniter.php(312): CodeIgniter\CodeIgniter->handleRequest(NULL, Object(Config\Cache), false)
#7 C:\xampp\htdocs\sikerja\public\index.php(45): CodeIgniter\CodeIgniter->run()
#8 C:\xampp\htdocs\sikerja\system\Commands\Server\rewrite.php(34): require_once('C:\\xampp\\htdocs...')
#9 {main}
CRITICAL - 2020-09-02 10:25:37 --> syntax error, unexpected 'helper' (T_STRING), expecting function (T_FUNCTION) or const (T_CONST)
#0 C:\xampp\htdocs\sikerja\system\Autoloader\Autoloader.php(296): CodeIgniter\Autoloader\Autoloader->requireFile('C:\\xampp\\htdocs...')
#1 C:\xampp\htdocs\sikerja\system\Autoloader\Autoloader.php(258): CodeIgniter\Autoloader\Autoloader->loadInNamespace('App\\Controllers...')
#2 [internal function]: CodeIgniter\Autoloader\Autoloader->loadClass('App\\Controllers...')
#3 [internal function]: spl_autoload_call('App\\Controllers...')
#4 C:\xampp\htdocs\sikerja\system\CodeIgniter.php(869): class_exists('\\App\\Controller...', true)
#5 C:\xampp\htdocs\sikerja\system\CodeIgniter.php(394): CodeIgniter\CodeIgniter->startController()
#6 C:\xampp\htdocs\sikerja\system\CodeIgniter.php(312): CodeIgniter\CodeIgniter->handleRequest(NULL, Object(Config\Cache), false)
#7 C:\xampp\htdocs\sikerja\public\index.php(45): CodeIgniter\CodeIgniter->run()
#8 C:\xampp\htdocs\sikerja\system\Commands\Server\rewrite.php(34): require_once('C:\\xampp\\htdocs...')
#9 {main}
CRITICAL - 2020-09-02 10:25:46 --> syntax error, unexpected 'helper' (T_STRING), expecting function (T_FUNCTION) or const (T_CONST)
#0 C:\xampp\htdocs\sikerja\system\Autoloader\Autoloader.php(296): CodeIgniter\Autoloader\Autoloader->requireFile('C:\\xampp\\htdocs...')
#1 C:\xampp\htdocs\sikerja\system\Autoloader\Autoloader.php(258): CodeIgniter\Autoloader\Autoloader->loadInNamespace('App\\Controllers...')
#2 [internal function]: CodeIgniter\Autoloader\Autoloader->loadClass('App\\Controllers...')
#3 [internal function]: spl_autoload_call('App\\Controllers...')
#4 C:\xampp\htdocs\sikerja\system\CodeIgniter.php(869): class_exists('\\App\\Controller...', true)
#5 C:\xampp\htdocs\sikerja\system\CodeIgniter.php(394): CodeIgniter\CodeIgniter->startController()
#6 C:\xampp\htdocs\sikerja\system\CodeIgniter.php(312): CodeIgniter\CodeIgniter->handleRequest(NULL, Object(Config\Cache), false)
#7 C:\xampp\htdocs\sikerja\public\index.php(45): CodeIgniter\CodeIgniter->run()
#8 C:\xampp\htdocs\sikerja\system\Commands\Server\rewrite.php(34): require_once('C:\\xampp\\htdocs...')
#9 {main}
CRITICAL - 2020-09-02 10:27:15 --> Call to undefined function App\Controllers\ganti()
#0 C:\xampp\htdocs\sikerja\system\CodeIgniter.php(918): App\Controllers\NyobaHelper->index()
#1 C:\xampp\htdocs\sikerja\system\CodeIgniter.php(404): CodeIgniter\CodeIgniter->runController(Object(App\Controllers\NyobaHelper))
#2 C:\xampp\htdocs\sikerja\system\CodeIgniter.php(312): CodeIgniter\CodeIgniter->handleRequest(NULL, Object(Config\Cache), false)
#3 C:\xampp\htdocs\sikerja\public\index.php(45): CodeIgniter\CodeIgniter->run()
#4 C:\xampp\htdocs\sikerja\system\Commands\Server\rewrite.php(34): require_once('C:\\xampp\\htdocs...')
#5 {main}
CRITICAL - 2020-09-02 10:37:52 --> Call to undefined function App\Controllers\ganti()
#0 C:\xampp\htdocs\sikerja\system\CodeIgniter.php(918): App\Controllers\NyobaHelper->index()
#1 C:\xampp\htdocs\sikerja\system\CodeIgniter.php(404): CodeIgniter\CodeIgniter->runController(Object(App\Controllers\NyobaHelper))
#2 C:\xampp\htdocs\sikerja\system\CodeIgniter.php(312): CodeIgniter\CodeIgniter->handleRequest(NULL, Object(Config\Cache), false)
#3 C:\xampp\htdocs\sikerja\public\index.php(45): CodeIgniter\CodeIgniter->run()
#4 C:\xampp\htdocs\sikerja\system\Commands\Server\rewrite.php(34): require_once('C:\\xampp\\htdocs...')
#5 {main}
CRITICAL - 2020-09-02 10:37:53 --> Call to undefined function App\Controllers\ganti()
#0 C:\xampp\htdocs\sikerja\system\CodeIgniter.php(918): App\Controllers\NyobaHelper->index()
#1 C:\xampp\htdocs\sikerja\system\CodeIgniter.php(404): CodeIgniter\CodeIgniter->runController(Object(App\Controllers\NyobaHelper))
#2 C:\xampp\htdocs\sikerja\system\CodeIgniter.php(312): CodeIgniter\CodeIgniter->handleRequest(NULL, Object(Config\Cache), false)
#3 C:\xampp\htdocs\sikerja\public\index.php(45): CodeIgniter\CodeIgniter->run()
#4 C:\xampp\htdocs\sikerja\system\Commands\Server\rewrite.php(34): require_once('C:\\xampp\\htdocs...')
#5 {main}
CRITICAL - 2020-09-02 10:38:22 --> Call to undefined function App\Controllers\ganti()
#0 C:\xampp\htdocs\sikerja\system\CodeIgniter.php(918): App\Controllers\NyobaHelper->index()
#1 C:\xampp\htdocs\sikerja\system\CodeIgniter.php(404): CodeIgniter\CodeIgniter->runController(Object(App\Controllers\NyobaHelper))
#2 C:\xampp\htdocs\sikerja\system\CodeIgniter.php(312): CodeIgniter\CodeIgniter->handleRequest(NULL, Object(Config\Cache), false)
#3 C:\xampp\htdocs\sikerja\public\index.php(45): CodeIgniter\CodeIgniter->run()
#4 C:\xampp\htdocs\sikerja\system\Commands\Server\rewrite.php(34): require_once('C:\\xampp\\htdocs...')
#5 {main}
CRITICAL - 2020-09-02 10:38:23 --> Call to undefined function App\Controllers\ganti()
#0 C:\xampp\htdocs\sikerja\system\CodeIgniter.php(918): App\Controllers\NyobaHelper->index()
#1 C:\xampp\htdocs\sikerja\system\CodeIgniter.php(404): CodeIgniter\CodeIgniter->runController(Object(App\Controllers\NyobaHelper))
#2 C:\xampp\htdocs\sikerja\system\CodeIgniter.php(312): CodeIgniter\CodeIgniter->handleRequest(NULL, Object(Config\Cache), false)
#3 C:\xampp\htdocs\sikerja\public\index.php(45): CodeIgniter\CodeIgniter->run()
#4 C:\xampp\htdocs\sikerja\system\Commands\Server\rewrite.php(34): require_once('C:\\xampp\\htdocs...')
#5 {main}
CRITICAL - 2020-09-02 10:39:09 --> Call to undefined function App\Controllers\ganti()
#0 C:\xampp\htdocs\sikerja\system\CodeIgniter.php(918): App\Controllers\NyobaHelper->index()
#1 C:\xampp\htdocs\sikerja\system\CodeIgniter.php(404): CodeIgniter\CodeIgniter->runController(Object(App\Controllers\NyobaHelper))
#2 C:\xampp\htdocs\sikerja\system\CodeIgniter.php(312): CodeIgniter\CodeIgniter->handleRequest(NULL, Object(Config\Cache), false)
#3 C:\xampp\htdocs\sikerja\public\index.php(45): CodeIgniter\CodeIgniter->run()
#4 C:\xampp\htdocs\sikerja\system\Commands\Server\rewrite.php(34): require_once('C:\\xampp\\htdocs...')
#5 {main}
CRITICAL - 2020-09-02 10:39:18 --> Call to undefined function App\Controllers\ganti()
#0 C:\xampp\htdocs\sikerja\system\CodeIgniter.php(918): App\Controllers\NyobaHelper->index()
#1 C:\xampp\htdocs\sikerja\system\CodeIgniter.php(404): CodeIgniter\CodeIgniter->runController(Object(App\Controllers\NyobaHelper))
#2 C:\xampp\htdocs\sikerja\system\CodeIgniter.php(312): CodeIgniter\CodeIgniter->handleRequest(NULL, Object(Config\Cache), false)
#3 C:\xampp\htdocs\sikerja\public\index.php(45): CodeIgniter\CodeIgniter->run()
#4 C:\xampp\htdocs\sikerja\system\Commands\Server\rewrite.php(34): require_once('C:\\xampp\\htdocs...')
#5 {main}
CRITICAL - 2020-09-02 10:41:36 --> Call to undefined function App\Controllers\ganti()
#0 C:\xampp\htdocs\sikerja\system\CodeIgniter.php(918): App\Controllers\NyobaHelper->index()
#1 C:\xampp\htdocs\sikerja\system\CodeIgniter.php(404): CodeIgniter\CodeIgniter->runController(Object(App\Controllers\NyobaHelper))
#2 C:\xampp\htdocs\sikerja\system\CodeIgniter.php(312): CodeIgniter\CodeIgniter->handleRequest(NULL, Object(Config\Cache), false)
#3 C:\xampp\htdocs\sikerja\public\index.php(45): CodeIgniter\CodeIgniter->run()
#4 C:\xampp\htdocs\sikerja\system\Commands\Server\rewrite.php(34): require_once('C:\\xampp\\htdocs...')
#5 {main}
CRITICAL - 2020-09-02 10:42:12 --> Call to undefined function App\Controllers\ganti()
#0 C:\xampp\htdocs\sikerja\system\CodeIgniter.php(918): App\Controllers\NyobaHelper->index()
#1 C:\xampp\htdocs\sikerja\system\CodeIgniter.php(404): CodeIgniter\CodeIgniter->runController(Object(App\Controllers\NyobaHelper))
#2 C:\xampp\htdocs\sikerja\system\CodeIgniter.php(312): CodeIgniter\CodeIgniter->handleRequest(NULL, Object(Config\Cache), false)
#3 C:\xampp\htdocs\sikerja\public\index.php(45): CodeIgniter\CodeIgniter->run()
#4 C:\xampp\htdocs\sikerja\system\Commands\Server\rewrite.php(34): require_once('C:\\xampp\\htdocs...')
#5 {main}
CRITICAL - 2020-09-02 10:44:11 --> syntax error, unexpected '}', expecting end of file
#0 C:\xampp\htdocs\sikerja\system\Controller.php(175): helper(Array)
#1 C:\xampp\htdocs\sikerja\system\Controller.php(126): CodeIgniter\Controller->loadHelpers()
#2 C:\xampp\htdocs\sikerja\app\Controllers\BaseController.php(37): CodeIgniter\Controller->initController(Object(CodeIgniter\HTTP\IncomingRequest), Object(CodeIgniter\HTTP\Response), Object(CodeIgniter\Log\Logger))
#3 C:\xampp\htdocs\sikerja\system\CodeIgniter.php(891): App\Controllers\BaseController->initController(Object(CodeIgniter\HTTP\IncomingRequest), Object(CodeIgniter\HTTP\Response), Object(CodeIgniter\Log\Logger))
#4 C:\xampp\htdocs\sikerja\system\CodeIgniter.php(399): CodeIgniter\CodeIgniter->createController()
#5 C:\xampp\htdocs\sikerja\system\CodeIgniter.php(312): CodeIgniter\CodeIgniter->handleRequest(NULL, Object(Config\Cache), false)
#6 C:\xampp\htdocs\sikerja\public\index.php(45): CodeIgniter\CodeIgniter->run()
#7 C:\xampp\htdocs\sikerja\system\Commands\Server\rewrite.php(34): require_once('C:\\xampp\\htdocs...')
#8 {main}
CRITICAL - 2020-09-02 10:44:36 --> syntax error, unexpected '}', expecting end of file
#0 C:\xampp\htdocs\sikerja\system\Controller.php(175): helper(Array)
#1 C:\xampp\htdocs\sikerja\system\Controller.php(126): CodeIgniter\Controller->loadHelpers()
#2 C:\xampp\htdocs\sikerja\app\Controllers\BaseController.php(37): CodeIgniter\Controller->initController(Object(CodeIgniter\HTTP\IncomingRequest), Object(CodeIgniter\HTTP\Response), Object(CodeIgniter\Log\Logger))
#3 C:\xampp\htdocs\sikerja\system\CodeIgniter.php(891): App\Controllers\BaseController->initController(Object(CodeIgniter\HTTP\IncomingRequest), Object(CodeIgniter\HTTP\Response), Object(CodeIgniter\Log\Logger))
#4 C:\xampp\htdocs\sikerja\system\CodeIgniter.php(399): CodeIgniter\CodeIgniter->createController()
#5 C:\xampp\htdocs\sikerja\system\CodeIgniter.php(312): CodeIgniter\CodeIgniter->handleRequest(NULL, Object(Config\Cache), false)
#6 C:\xampp\htdocs\sikerja\public\index.php(45): CodeIgniter\CodeIgniter->run()
#7 C:\xampp\htdocs\sikerja\system\Commands\Server\rewrite.php(34): require_once('C:\\xampp\\htdocs...')
#8 {main}
CRITICAL - 2020-09-02 10:48:48 --> Cannot redeclare trace() (previously declared in C:\xampp\htdocs\sikerja\system\Common.php:1081)
#0 [internal function]: CodeIgniter\Debug\Exceptions->shutdownHandler()
#1 {main}
CRITICAL - 2020-09-02 10:49:35 --> Using $this when not in object context
#0 C:\xampp\htdocs\sikerja\app\Controllers\NyobaHelper.php(22): sortMenu(Array)
#1 C:\xampp\htdocs\sikerja\system\CodeIgniter.php(918): App\Controllers\NyobaHelper->index()
#2 C:\xampp\htdocs\sikerja\system\CodeIgniter.php(404): CodeIgniter\CodeIgniter->runController(Object(App\Controllers\NyobaHelper))
#3 C:\xampp\htdocs\sikerja\system\CodeIgniter.php(312): CodeIgniter\CodeIgniter->handleRequest(NULL, Object(Config\Cache), false)
#4 C:\xampp\htdocs\sikerja\public\index.php(45): CodeIgniter\CodeIgniter->run()
#5 C:\xampp\htdocs\sikerja\system\Commands\Server\rewrite.php(34): require_once('C:\\xampp\\htdocs...')
#6 {main}
CRITICAL - 2020-09-02 10:49:36 --> Using $this when not in object context
#0 C:\xampp\htdocs\sikerja\app\Controllers\NyobaHelper.php(22): sortMenu(Array)
#1 C:\xampp\htdocs\sikerja\system\CodeIgniter.php(918): App\Controllers\NyobaHelper->index()
#2 C:\xampp\htdocs\sikerja\system\CodeIgniter.php(404): CodeIgniter\CodeIgniter->runController(Object(App\Controllers\NyobaHelper))
#3 C:\xampp\htdocs\sikerja\system\CodeIgniter.php(312): CodeIgniter\CodeIgniter->handleRequest(NULL, Object(Config\Cache), false)
#4 C:\xampp\htdocs\sikerja\public\index.php(45): CodeIgniter\CodeIgniter->run()
#5 C:\xampp\htdocs\sikerja\system\Commands\Server\rewrite.php(34): require_once('C:\\xampp\\htdocs...')
#6 {main}
CRITICAL - 2020-09-02 10:50:14 --> Cannot redeclare trace() (previously declared in C:\xampp\htdocs\sikerja\system\Common.php:1081)
#0 [internal function]: CodeIgniter\Debug\Exceptions->shutdownHandler()
#1 {main}
CRITICAL - 2020-09-02 10:53:13 --> syntax error, unexpected 'catch' (T_CATCH)
#0 C:\xampp\htdocs\sikerja\system\Autoloader\Autoloader.php(296): CodeIgniter\Autoloader\Autoloader->requireFile('C:\\xampp\\htdocs...')
#1 C:\xampp\htdocs\sikerja\system\Autoloader\Autoloader.php(258): CodeIgniter\Autoloader\Autoloader->loadInNamespace('App\\Controllers...')
#2 [internal function]: CodeIgniter\Autoloader\Autoloader->loadClass('App\\Controllers...')
#3 [internal function]: spl_autoload_call('App\\Controllers...')
#4 C:\xampp\htdocs\sikerja\system\CodeIgniter.php(869): class_exists('\\App\\Controller...', true)
#5 C:\xampp\htdocs\sikerja\system\CodeIgniter.php(394): CodeIgniter\CodeIgniter->startController()
#6 C:\xampp\htdocs\sikerja\system\CodeIgniter.php(312): CodeIgniter\CodeIgniter->handleRequest(NULL, Object(Config\Cache), false)
#7 C:\xampp\htdocs\sikerja\public\index.php(45): CodeIgniter\CodeIgniter->run()
#8 C:\xampp\htdocs\sikerja\system\Commands\Server\rewrite.php(34): require_once('C:\\xampp\\htdocs...')
#9 {main}
CRITICAL - 2020-09-02 10:53:14 --> syntax error, unexpected 'catch' (T_CATCH)
#0 C:\xampp\htdocs\sikerja\system\Autoloader\Autoloader.php(296): CodeIgniter\Autoloader\Autoloader->requireFile('C:\\xampp\\htdocs...')
#1 C:\xampp\htdocs\sikerja\system\Autoloader\Autoloader.php(258): CodeIgniter\Autoloader\Autoloader->loadInNamespace('App\\Controllers...')
#2 [internal function]: CodeIgniter\Autoloader\Autoloader->loadClass('App\\Controllers...')
#3 [internal function]: spl_autoload_call('App\\Controllers...')
#4 C:\xampp\htdocs\sikerja\system\CodeIgniter.php(869): class_exists('\\App\\Controller...', true)
#5 C:\xampp\htdocs\sikerja\system\CodeIgniter.php(394): CodeIgniter\CodeIgniter->startController()
#6 C:\xampp\htdocs\sikerja\system\CodeIgniter.php(312): CodeIgniter\CodeIgniter->handleRequest(NULL, Object(Config\Cache), false)
#7 C:\xampp\htdocs\sikerja\public\index.php(45): CodeIgniter\CodeIgniter->run()
#8 C:\xampp\htdocs\sikerja\system\Commands\Server\rewrite.php(34): require_once('C:\\xampp\\htdocs...')
#9 {main}
CRITICAL - 2020-09-02 10:55:21 --> syntax error, unexpected 'catch' (T_CATCH)
#0 C:\xampp\htdocs\sikerja\system\Autoloader\Autoloader.php(296): CodeIgniter\Autoloader\Autoloader->requireFile('C:\\xampp\\htdocs...')
#1 C:\xampp\htdocs\sikerja\system\Autoloader\Autoloader.php(258): CodeIgniter\Autoloader\Autoloader->loadInNamespace('App\\Controllers...')
#2 [internal function]: CodeIgniter\Autoloader\Autoloader->loadClass('App\\Controllers...')
#3 [internal function]: spl_autoload_call('App\\Controllers...')
#4 C:\xampp\htdocs\sikerja\system\CodeIgniter.php(869): class_exists('\\App\\Controller...', true)
#5 C:\xampp\htdocs\sikerja\system\CodeIgniter.php(394): CodeIgniter\CodeIgniter->startController()
#6 C:\xampp\htdocs\sikerja\system\CodeIgniter.php(312): CodeIgniter\CodeIgniter->handleRequest(NULL, Object(Config\Cache), false)
#7 C:\xampp\htdocs\sikerja\public\index.php(45): CodeIgniter\CodeIgniter->run()
#8 C:\xampp\htdocs\sikerja\system\Commands\Server\rewrite.php(34): require_once('C:\\xampp\\htdocs...')
#9 {main}
CRITICAL - 2020-09-02 10:58:18 --> syntax error, unexpected 'catch' (T_CATCH)
#0 C:\xampp\htdocs\sikerja\system\Autoloader\Autoloader.php(296): CodeIgniter\Autoloader\Autoloader->requireFile('C:\\xampp\\htdocs...')
#1 C:\xampp\htdocs\sikerja\system\Autoloader\Autoloader.php(258): CodeIgniter\Autoloader\Autoloader->loadInNamespace('App\\Controllers...')
#2 [internal function]: CodeIgniter\Autoloader\Autoloader->loadClass('App\\Controllers...')
#3 [internal function]: spl_autoload_call('App\\Controllers...')
#4 C:\xampp\htdocs\sikerja\system\CodeIgniter.php(869): class_exists('\\App\\Controller...', true)
#5 C:\xampp\htdocs\sikerja\system\CodeIgniter.php(394): CodeIgniter\CodeIgniter->startController()
#6 C:\xampp\htdocs\sikerja\system\CodeIgniter.php(312): CodeIgniter\CodeIgniter->handleRequest(NULL, Object(Config\Cache), false)
#7 C:\xampp\htdocs\sikerja\public\index.php(45): CodeIgniter\CodeIgniter->run()
#8 C:\xampp\htdocs\sikerja\system\Commands\Server\rewrite.php(34): require_once('C:\\xampp\\htdocs...')
#9 {main}
CRITICAL - 2020-09-02 11:00:47 --> syntax error, unexpected 'catch' (T_CATCH)
#0 C:\xampp\htdocs\sikerja\system\Autoloader\Autoloader.php(296): CodeIgniter\Autoloader\Autoloader->requireFile('C:\\xampp\\htdocs...')
#1 C:\xampp\htdocs\sikerja\system\Autoloader\Autoloader.php(258): CodeIgniter\Autoloader\Autoloader->loadInNamespace('App\\Controllers...')
#2 [internal function]: CodeIgniter\Autoloader\Autoloader->loadClass('App\\Controllers...')
#3 [internal function]: spl_autoload_call('App\\Controllers...')
#4 C:\xampp\htdocs\sikerja\system\CodeIgniter.php(869): class_exists('\\App\\Controller...', true)
#5 C:\xampp\htdocs\sikerja\system\CodeIgniter.php(394): CodeIgniter\CodeIgniter->startController()
#6 C:\xampp\htdocs\sikerja\system\CodeIgniter.php(312): CodeIgniter\CodeIgniter->handleRequest(NULL, Object(Config\Cache), false)
#7 C:\xampp\htdocs\sikerja\public\index.php(45): CodeIgniter\CodeIgniter->run()
#8 C:\xampp\htdocs\sikerja\system\Commands\Server\rewrite.php(34): require_once('C:\\xampp\\htdocs...')
#9 {main}
CRITICAL - 2020-09-02 11:01:01 --> syntax error, unexpected 'catch' (T_CATCH)
#0 C:\xampp\htdocs\sikerja\system\Autoloader\Autoloader.php(296): CodeIgniter\Autoloader\Autoloader->requireFile('C:\\xampp\\htdocs...')
#1 C:\xampp\htdocs\sikerja\system\Autoloader\Autoloader.php(258): CodeIgniter\Autoloader\Autoloader->loadInNamespace('App\\Controllers...')
#2 [internal function]: CodeIgniter\Autoloader\Autoloader->loadClass('App\\Controllers...')
#3 [internal function]: spl_autoload_call('App\\Controllers...')
#4 C:\xampp\htdocs\sikerja\system\CodeIgniter.php(869): class_exists('\\App\\Controller...', true)
#5 C:\xampp\htdocs\sikerja\system\CodeIgniter.php(394): CodeIgniter\CodeIgniter->startController()
#6 C:\xampp\htdocs\sikerja\system\CodeIgniter.php(312): CodeIgniter\CodeIgniter->handleRequest(NULL, Object(Config\Cache), false)
#7 C:\xampp\htdocs\sikerja\public\index.php(45): CodeIgniter\CodeIgniter->run()
#8 C:\xampp\htdocs\sikerja\system\Commands\Server\rewrite.php(34): require_once('C:\\xampp\\htdocs...')
#9 {main}
CRITICAL - 2020-09-02 11:06:35 --> syntax error, unexpected 'catch' (T_CATCH)
#0 C:\xampp\htdocs\sikerja\system\Autoloader\Autoloader.php(296): CodeIgniter\Autoloader\Autoloader->requireFile('C:\\xampp\\htdocs...')
#1 C:\xampp\htdocs\sikerja\system\Autoloader\Autoloader.php(258): CodeIgniter\Autoloader\Autoloader->loadInNamespace('App\\Controllers...')
#2 [internal function]: CodeIgniter\Autoloader\Autoloader->loadClass('App\\Controllers...')
#3 [internal function]: spl_autoload_call('App\\Controllers...')
#4 C:\xampp\htdocs\sikerja\system\CodeIgniter.php(869): class_exists('\\App\\Controller...', true)
#5 C:\xampp\htdocs\sikerja\system\CodeIgniter.php(394): CodeIgniter\CodeIgniter->startController()
#6 C:\xampp\htdocs\sikerja\system\CodeIgniter.php(312): CodeIgniter\CodeIgniter->handleRequest(NULL, Object(Config\Cache), false)
#7 C:\xampp\htdocs\sikerja\public\index.php(45): CodeIgniter\CodeIgniter->run()
#8 C:\xampp\htdocs\sikerja\system\Commands\Server\rewrite.php(34): require_once('C:\\xampp\\htdocs...')
#9 {main}
CRITICAL - 2020-09-02 11:07:16 --> syntax error, unexpected 'catch' (T_CATCH)
#0 C:\xampp\htdocs\sikerja\system\Autoloader\Autoloader.php(296): CodeIgniter\Autoloader\Autoloader->requireFile('C:\\xampp\\htdocs...')
#1 C:\xampp\htdocs\sikerja\system\Autoloader\Autoloader.php(258): CodeIgniter\Autoloader\Autoloader->loadInNamespace('App\\Controllers...')
#2 [internal function]: CodeIgniter\Autoloader\Autoloader->loadClass('App\\Controllers...')
#3 [internal function]: spl_autoload_call('App\\Controllers...')
#4 C:\xampp\htdocs\sikerja\system\CodeIgniter.php(869): class_exists('\\App\\Controller...', true)
#5 C:\xampp\htdocs\sikerja\system\CodeIgniter.php(394): CodeIgniter\CodeIgniter->startController()
#6 C:\xampp\htdocs\sikerja\system\CodeIgniter.php(312): CodeIgniter\CodeIgniter->handleRequest(NULL, Object(Config\Cache), false)
#7 C:\xampp\htdocs\sikerja\public\index.php(45): CodeIgniter\CodeIgniter->run()
#8 C:\xampp\htdocs\sikerja\system\Commands\Server\rewrite.php(34): require_once('C:\\xampp\\htdocs...')
#9 {main}
CRITICAL - 2020-09-02 11:08:24 --> syntax error, unexpected 'catch' (T_CATCH)
#0 C:\xampp\htdocs\sikerja\system\Autoloader\Autoloader.php(296): CodeIgniter\Autoloader\Autoloader->requireFile('C:\\xampp\\htdocs...')
#1 C:\xampp\htdocs\sikerja\system\Autoloader\Autoloader.php(258): CodeIgniter\Autoloader\Autoloader->loadInNamespace('App\\Controllers...')
#2 [internal function]: CodeIgniter\Autoloader\Autoloader->loadClass('App\\Controllers...')
#3 [internal function]: spl_autoload_call('App\\Controllers...')
#4 C:\xampp\htdocs\sikerja\system\CodeIgniter.php(869): class_exists('\\App\\Controller...', true)
#5 C:\xampp\htdocs\sikerja\system\CodeIgniter.php(394): CodeIgniter\CodeIgniter->startController()
#6 C:\xampp\htdocs\sikerja\system\CodeIgniter.php(312): CodeIgniter\CodeIgniter->handleRequest(NULL, Object(Config\Cache), false)
#7 C:\xampp\htdocs\sikerja\public\index.php(45): CodeIgniter\CodeIgniter->run()
#8 C:\xampp\htdocs\sikerja\system\Commands\Server\rewrite.php(34): require_once('C:\\xampp\\htdocs...')
#9 {main}
CRITICAL - 2020-09-02 11:10:35 --> syntax error, unexpected 'catch' (T_CATCH)
#0 C:\xampp\htdocs\sikerja\system\Autoloader\Autoloader.php(296): CodeIgniter\Autoloader\Autoloader->requireFile('C:\\xampp\\htdocs...')
#1 C:\xampp\htdocs\sikerja\system\Autoloader\Autoloader.php(258): CodeIgniter\Autoloader\Autoloader->loadInNamespace('App\\Controllers...')
#2 [internal function]: CodeIgniter\Autoloader\Autoloader->loadClass('App\\Controllers...')
#3 [internal function]: spl_autoload_call('App\\Controllers...')
#4 C:\xampp\htdocs\sikerja\system\CodeIgniter.php(869): class_exists('\\App\\Controller...', true)
#5 C:\xampp\htdocs\sikerja\system\CodeIgniter.php(394): CodeIgniter\CodeIgniter->startController()
#6 C:\xampp\htdocs\sikerja\system\CodeIgniter.php(312): CodeIgniter\CodeIgniter->handleRequest(NULL, Object(Config\Cache), false)
#7 C:\xampp\htdocs\sikerja\public\index.php(45): CodeIgniter\CodeIgniter->run()
#8 C:\xampp\htdocs\sikerja\system\Commands\Server\rewrite.php(34): require_once('C:\\xampp\\htdocs...')
#9 {main}
CRITICAL - 2020-09-02 11:10:37 --> syntax error, unexpected 'catch' (T_CATCH)
#0 C:\xampp\htdocs\sikerja\system\Autoloader\Autoloader.php(296): CodeIgniter\Autoloader\Autoloader->requireFile('C:\\xampp\\htdocs...')
#1 C:\xampp\htdocs\sikerja\system\Autoloader\Autoloader.php(258): CodeIgniter\Autoloader\Autoloader->loadInNamespace('App\\Controllers...')
#2 [internal function]: CodeIgniter\Autoloader\Autoloader->loadClass('App\\Controllers...')
#3 [internal function]: spl_autoload_call('App\\Controllers...')
#4 C:\xampp\htdocs\sikerja\system\CodeIgniter.php(869): class_exists('\\App\\Controller...', true)
#5 C:\xampp\htdocs\sikerja\system\CodeIgniter.php(394): CodeIgniter\CodeIgniter->startController()
#6 C:\xampp\htdocs\sikerja\system\CodeIgniter.php(312): CodeIgniter\CodeIgniter->handleRequest(NULL, Object(Config\Cache), false)
#7 C:\xampp\htdocs\sikerja\public\index.php(45): CodeIgniter\CodeIgniter->run()
#8 C:\xampp\htdocs\sikerja\system\Commands\Server\rewrite.php(34): require_once('C:\\xampp\\htdocs...')
#9 {main}
CRITICAL - 2020-09-02 11:12:16 --> syntax error, unexpected 'catch' (T_CATCH)
#0 C:\xampp\htdocs\sikerja\system\Autoloader\Autoloader.php(296): CodeIgniter\Autoloader\Autoloader->requireFile('C:\\xampp\\htdocs...')
#1 C:\xampp\htdocs\sikerja\system\Autoloader\Autoloader.php(258): CodeIgniter\Autoloader\Autoloader->loadInNamespace('App\\Controllers...')
#2 [internal function]: CodeIgniter\Autoloader\Autoloader->loadClass('App\\Controllers...')
#3 [internal function]: spl_autoload_call('App\\Controllers...')
#4 C:\xampp\htdocs\sikerja\system\CodeIgniter.php(869): class_exists('\\App\\Controller...', true)
#5 C:\xampp\htdocs\sikerja\system\CodeIgniter.php(394): CodeIgniter\CodeIgniter->startController()
#6 C:\xampp\htdocs\sikerja\system\CodeIgniter.php(312): CodeIgniter\CodeIgniter->handleRequest(NULL, Object(Config\Cache), false)
#7 C:\xampp\htdocs\sikerja\public\index.php(45): CodeIgniter\CodeIgniter->run()
#8 C:\xampp\htdocs\sikerja\system\Commands\Server\rewrite.php(34): require_once('C:\\xampp\\htdocs...')
#9 {main}
CRITICAL - 2020-09-02 11:12:19 --> syntax error, unexpected end of file, expecting function (T_FUNCTION) or const (T_CONST)
#0 C:\xampp\htdocs\sikerja\system\Autoloader\Autoloader.php(296): CodeIgniter\Autoloader\Autoloader->requireFile('C:\\xampp\\htdocs...')
#1 C:\xampp\htdocs\sikerja\system\Autoloader\Autoloader.php(258): CodeIgniter\Autoloader\Autoloader->loadInNamespace('App\\Controllers...')
#2 [internal function]: CodeIgniter\Autoloader\Autoloader->loadClass('App\\Controllers...')
#3 [internal function]: spl_autoload_call('App\\Controllers...')
#4 C:\xampp\htdocs\sikerja\system\CodeIgniter.php(869): class_exists('\\App\\Controller...', true)
#5 C:\xampp\htdocs\sikerja\system\CodeIgniter.php(394): CodeIgniter\CodeIgniter->startController()
#6 C:\xampp\htdocs\sikerja\system\CodeIgniter.php(312): CodeIgniter\CodeIgniter->handleRequest(NULL, Object(Config\Cache), false)
#7 C:\xampp\htdocs\sikerja\public\index.php(45): CodeIgniter\CodeIgniter->run()
#8 C:\xampp\htdocs\sikerja\system\Commands\Server\rewrite.php(34): require_once('C:\\xampp\\htdocs...')
#9 {main}
CRITICAL - 2020-09-02 11:12:21 --> syntax error, unexpected end of file, expecting function (T_FUNCTION) or const (T_CONST)
#0 C:\xampp\htdocs\sikerja\system\Autoloader\Autoloader.php(296): CodeIgniter\Autoloader\Autoloader->requireFile('C:\\xampp\\htdocs...')
#1 C:\xampp\htdocs\sikerja\system\Autoloader\Autoloader.php(258): CodeIgniter\Autoloader\Autoloader->loadInNamespace('App\\Controllers...')
#2 [internal function]: CodeIgniter\Autoloader\Autoloader->loadClass('App\\Controllers...')
#3 [internal function]: spl_autoload_call('App\\Controllers...')
#4 C:\xampp\htdocs\sikerja\system\CodeIgniter.php(869): class_exists('\\App\\Controller...', true)
#5 C:\xampp\htdocs\sikerja\system\CodeIgniter.php(394): CodeIgniter\CodeIgniter->startController()
#6 C:\xampp\htdocs\sikerja\system\CodeIgniter.php(312): CodeIgniter\CodeIgniter->handleRequest(NULL, Object(Config\Cache), false)
#7 C:\xampp\htdocs\sikerja\public\index.php(45): CodeIgniter\CodeIgniter->run()
#8 C:\xampp\htdocs\sikerja\system\Commands\Server\rewrite.php(34): require_once('C:\\xampp\\htdocs...')
#9 {main}
CRITICAL - 2020-09-02 11:13:06 --> syntax error, unexpected end of file, expecting function (T_FUNCTION) or const (T_CONST)
#0 C:\xampp\htdocs\sikerja\system\Autoloader\Autoloader.php(296): CodeIgniter\Autoloader\Autoloader->requireFile('C:\\xampp\\htdocs...')
#1 C:\xampp\htdocs\sikerja\system\Autoloader\Autoloader.php(258): CodeIgniter\Autoloader\Autoloader->loadInNamespace('App\\Controllers...')
#2 [internal function]: CodeIgniter\Autoloader\Autoloader->loadClass('App\\Controllers...')
#3 [internal function]: spl_autoload_call('App\\Controllers...')
#4 C:\xampp\htdocs\sikerja\system\CodeIgniter.php(869): class_exists('\\App\\Controller...', true)
#5 C:\xampp\htdocs\sikerja\system\CodeIgniter.php(394): CodeIgniter\CodeIgniter->startController()
#6 C:\xampp\htdocs\sikerja\system\CodeIgniter.php(312): CodeIgniter\CodeIgniter->handleRequest(NULL, Object(Config\Cache), false)
#7 C:\xampp\htdocs\sikerja\public\index.php(45): CodeIgniter\CodeIgniter->run()
#8 C:\xampp\htdocs\sikerja\system\Commands\Server\rewrite.php(34): require_once('C:\\xampp\\htdocs...')
#9 {main}
CRITICAL - 2020-09-02 11:13:07 --> syntax error, unexpected end of file, expecting function (T_FUNCTION) or const (T_CONST)
#0 C:\xampp\htdocs\sikerja\system\Autoloader\Autoloader.php(296): CodeIgniter\Autoloader\Autoloader->requireFile('C:\\xampp\\htdocs...')
#1 C:\xampp\htdocs\sikerja\system\Autoloader\Autoloader.php(258): CodeIgniter\Autoloader\Autoloader->loadInNamespace('App\\Controllers...')
#2 [internal function]: CodeIgniter\Autoloader\Autoloader->loadClass('App\\Controllers...')
#3 [internal function]: spl_autoload_call('App\\Controllers...')
#4 C:\xampp\htdocs\sikerja\system\CodeIgniter.php(869): class_exists('\\App\\Controller...', true)
#5 C:\xampp\htdocs\sikerja\system\CodeIgniter.php(394): CodeIgniter\CodeIgniter->startController()
#6 C:\xampp\htdocs\sikerja\system\CodeIgniter.php(312): CodeIgniter\CodeIgniter->handleRequest(NULL, Object(Config\Cache), false)
#7 C:\xampp\htdocs\sikerja\public\index.php(45): CodeIgniter\CodeIgniter->run()
#8 C:\xampp\htdocs\sikerja\system\Commands\Server\rewrite.php(34): require_once('C:\\xampp\\htdocs...')
#9 {main}
CRITICAL - 2020-09-02 11:14:14 --> syntax error, unexpected end of file, expecting function (T_FUNCTION) or const (T_CONST)
#0 C:\xampp\htdocs\sikerja\system\Router\Router.php(195): CodeIgniter\Router\Router->autoRoute('Home')
#1 C:\xampp\htdocs\sikerja\system\CodeIgniter.php(793): CodeIgniter\Router\Router->handle('Home')
#2 C:\xampp\htdocs\sikerja\system\CodeIgniter.php(364): CodeIgniter\CodeIgniter->tryToRouteIt(Object(CodeIgniter\Router\RouteCollection))
#3 C:\xampp\htdocs\sikerja\system\CodeIgniter.php(312): CodeIgniter\CodeIgniter->handleRequest(NULL, Object(Config\Cache), false)
#4 C:\xampp\htdocs\sikerja\public\index.php(45): CodeIgniter\CodeIgniter->run()
#5 C:\xampp\htdocs\sikerja\system\Commands\Server\rewrite.php(34): require_once('C:\\xampp\\htdocs...')
#6 {main}
CRITICAL - 2020-09-02 11:14:30 --> syntax error, unexpected end of file, expecting function (T_FUNCTION) or const (T_CONST)
#0 C:\xampp\htdocs\sikerja\system\Router\Router.php(195): CodeIgniter\Router\Router->autoRoute('Home')
#1 C:\xampp\htdocs\sikerja\system\CodeIgniter.php(793): CodeIgniter\Router\Router->handle('Home')
#2 C:\xampp\htdocs\sikerja\system\CodeIgniter.php(364): CodeIgniter\CodeIgniter->tryToRouteIt(Object(CodeIgniter\Router\RouteCollection))
#3 C:\xampp\htdocs\sikerja\system\CodeIgniter.php(312): CodeIgniter\CodeIgniter->handleRequest(NULL, Object(Config\Cache), false)
#4 C:\xampp\htdocs\sikerja\public\index.php(45): CodeIgniter\CodeIgniter->run()
#5 C:\xampp\htdocs\sikerja\system\Commands\Server\rewrite.php(34): require_once('C:\\xampp\\htdocs...')
#6 {main}
CRITICAL - 2020-09-02 11:14:46 --> syntax error, unexpected end of file, expecting function (T_FUNCTION) or const (T_CONST)
#0 C:\xampp\htdocs\sikerja\system\Router\Router.php(195): CodeIgniter\Router\Router->autoRoute('Home')
#1 C:\xampp\htdocs\sikerja\system\CodeIgniter.php(793): CodeIgniter\Router\Router->handle('Home')
#2 C:\xampp\htdocs\sikerja\system\CodeIgniter.php(364): CodeIgniter\CodeIgniter->tryToRouteIt(Object(CodeIgniter\Router\RouteCollection))
#3 C:\xampp\htdocs\sikerja\system\CodeIgniter.php(312): CodeIgniter\CodeIgniter->handleRequest(NULL, Object(Config\Cache), false)
#4 C:\xampp\htdocs\sikerja\public\index.php(45): CodeIgniter\CodeIgniter->run()
#5 C:\xampp\htdocs\sikerja\system\Commands\Server\rewrite.php(34): require_once('C:\\xampp\\htdocs...')
#6 {main}
CRITICAL - 2020-09-02 11:15:29 --> syntax error, unexpected end of file, expecting function (T_FUNCTION) or const (T_CONST)
#0 C:\xampp\htdocs\sikerja\system\Router\Router.php(195): CodeIgniter\Router\Router->autoRoute('Home')
#1 C:\xampp\htdocs\sikerja\system\CodeIgniter.php(793): CodeIgniter\Router\Router->handle('Home')
#2 C:\xampp\htdocs\sikerja\system\CodeIgniter.php(364): CodeIgniter\CodeIgniter->tryToRouteIt(Object(CodeIgniter\Router\RouteCollection))
#3 C:\xampp\htdocs\sikerja\system\CodeIgniter.php(312): CodeIgniter\CodeIgniter->handleRequest(NULL, Object(Config\Cache), false)
#4 C:\xampp\htdocs\sikerja\public\index.php(45): CodeIgniter\CodeIgniter->run()
#5 C:\xampp\htdocs\sikerja\system\Commands\Server\rewrite.php(34): require_once('C:\\xampp\\htdocs...')
#6 {main}
CRITICAL - 2020-09-02 11:15:40 --> syntax error, unexpected end of file, expecting function (T_FUNCTION) or const (T_CONST)
#0 C:\xampp\htdocs\sikerja\system\Router\Router.php(195): CodeIgniter\Router\Router->autoRoute('Home')
#1 C:\xampp\htdocs\sikerja\system\CodeIgniter.php(793): CodeIgniter\Router\Router->handle('Home')
#2 C:\xampp\htdocs\sikerja\system\CodeIgniter.php(364): CodeIgniter\CodeIgniter->tryToRouteIt(Object(CodeIgniter\Router\RouteCollection))
#3 C:\xampp\htdocs\sikerja\system\CodeIgniter.php(312): CodeIgniter\CodeIgniter->handleRequest(NULL, Object(Config\Cache), false)
#4 C:\xampp\htdocs\sikerja\public\index.php(45): CodeIgniter\CodeIgniter->run()
#5 C:\xampp\htdocs\sikerja\system\Commands\Server\rewrite.php(34): require_once('C:\\xampp\\htdocs...')
#6 {main}
CRITICAL - 2020-09-02 11:16:20 --> syntax error, unexpected end of file, expecting function (T_FUNCTION) or const (T_CONST)
#0 C:\xampp\htdocs\sikerja\system\Router\Router.php(195): CodeIgniter\Router\Router->autoRoute('Home')
#1 C:\xampp\htdocs\sikerja\system\CodeIgniter.php(793): CodeIgniter\Router\Router->handle('Home')
#2 C:\xampp\htdocs\sikerja\system\CodeIgniter.php(364): CodeIgniter\CodeIgniter->tryToRouteIt(Object(CodeIgniter\Router\RouteCollection))
#3 C:\xampp\htdocs\sikerja\system\CodeIgniter.php(312): CodeIgniter\CodeIgniter->handleRequest(NULL, Object(Config\Cache), false)
#4 C:\xampp\htdocs\sikerja\public\index.php(45): CodeIgniter\CodeIgniter->run()
#5 C:\xampp\htdocs\sikerja\system\Commands\Server\rewrite.php(34): require_once('C:\\xampp\\htdocs...')
#6 {main}
CRITICAL - 2020-09-02 11:17:00 --> syntax error, unexpected end of file, expecting function (T_FUNCTION) or const (T_CONST)
#0 C:\xampp\htdocs\sikerja\system\Router\Router.php(195): CodeIgniter\Router\Router->autoRoute('Home')
#1 C:\xampp\htdocs\sikerja\system\CodeIgniter.php(793): CodeIgniter\Router\Router->handle('Home')
#2 C:\xampp\htdocs\sikerja\system\CodeIgniter.php(364): CodeIgniter\CodeIgniter->tryToRouteIt(Object(CodeIgniter\Router\RouteCollection))
#3 C:\xampp\htdocs\sikerja\system\CodeIgniter.php(312): CodeIgniter\CodeIgniter->handleRequest(NULL, Object(Config\Cache), false)
#4 C:\xampp\htdocs\sikerja\public\index.php(45): CodeIgniter\CodeIgniter->run()
#5 C:\xampp\htdocs\sikerja\system\Commands\Server\rewrite.php(34): require_once('C:\\xampp\\htdocs...')
#6 {main}
CRITICAL - 2020-09-02 11:17:22 --> syntax error, unexpected end of file, expecting function (T_FUNCTION) or const (T_CONST)
#0 C:\xampp\htdocs\sikerja\system\Autoloader\Autoloader.php(296): CodeIgniter\Autoloader\Autoloader->requireFile('C:\\xampp\\htdocs...')
#1 C:\xampp\htdocs\sikerja\system\Autoloader\Autoloader.php(258): CodeIgniter\Autoloader\Autoloader->loadInNamespace('App\\Controllers...')
#2 [internal function]: CodeIgniter\Autoloader\Autoloader->loadClass('App\\Controllers...')
#3 [internal function]: spl_autoload_call('App\\Controllers...')
#4 C:\xampp\htdocs\sikerja\system\CodeIgniter.php(869): class_exists('\\App\\Controller...', true)
#5 C:\xampp\htdocs\sikerja\system\CodeIgniter.php(394): CodeIgniter\CodeIgniter->startController()
#6 C:\xampp\htdocs\sikerja\system\CodeIgniter.php(312): CodeIgniter\CodeIgniter->handleRequest(NULL, Object(Config\Cache), false)
#7 C:\xampp\htdocs\sikerja\public\index.php(45): CodeIgniter\CodeIgniter->run()
#8 C:\xampp\htdocs\sikerja\system\Commands\Server\rewrite.php(34): require_once('C:\\xampp\\htdocs...')
#9 {main}
CRITICAL - 2020-09-02 11:17:32 --> syntax error, unexpected end of file, expecting function (T_FUNCTION) or const (T_CONST)
#0 C:\xampp\htdocs\sikerja\system\Autoloader\Autoloader.php(296): CodeIgniter\Autoloader\Autoloader->requireFile('C:\\xampp\\htdocs...')
#1 C:\xampp\htdocs\sikerja\system\Autoloader\Autoloader.php(258): CodeIgniter\Autoloader\Autoloader->loadInNamespace('App\\Controllers...')
#2 [internal function]: CodeIgniter\Autoloader\Autoloader->loadClass('App\\Controllers...')
#3 [internal function]: spl_autoload_call('App\\Controllers...')
#4 C:\xampp\htdocs\sikerja\system\CodeIgniter.php(869): class_exists('\\App\\Controller...', true)
#5 C:\xampp\htdocs\sikerja\system\CodeIgniter.php(394): CodeIgniter\CodeIgniter->startController()
#6 C:\xampp\htdocs\sikerja\system\CodeIgniter.php(312): CodeIgniter\CodeIgniter->handleRequest(NULL, Object(Config\Cache), false)
#7 C:\xampp\htdocs\sikerja\public\index.php(45): CodeIgniter\CodeIgniter->run()
#8 C:\xampp\htdocs\sikerja\system\Commands\Server\rewrite.php(34): require_once('C:\\xampp\\htdocs...')
#9 {main}
CRITICAL - 2020-09-02 11:18:24 --> Cannot redeclare trace() (previously declared in C:\xampp\htdocs\sikerja\system\Common.php:1081)
#0 [internal function]: CodeIgniter\Debug\Exceptions->shutdownHandler()
#1 {main}
CRITICAL - 2020-09-02 11:24:38 --> syntax error, unexpected 'helper' (T_STRING), expecting function (T_FUNCTION) or const (T_CONST)
#0 C:\xampp\htdocs\sikerja\system\Router\Router.php(195): CodeIgniter\Router\Router->autoRoute('setting/site_se...')
#1 C:\xampp\htdocs\sikerja\system\CodeIgniter.php(793): CodeIgniter\Router\Router->handle('setting/site_se...')
#2 C:\xampp\htdocs\sikerja\system\CodeIgniter.php(364): CodeIgniter\CodeIgniter->tryToRouteIt(Object(CodeIgniter\Router\RouteCollection))
#3 C:\xampp\htdocs\sikerja\system\CodeIgniter.php(312): CodeIgniter\CodeIgniter->handleRequest(NULL, Object(Config\Cache), false)
#4 C:\xampp\htdocs\sikerja\public\index.php(45): CodeIgniter\CodeIgniter->run()
#5 C:\xampp\htdocs\sikerja\system\Commands\Server\rewrite.php(34): require_once('C:\\xampp\\htdocs...')
#6 {main}
