CRITICAL - 2020-08-12 02:07:31 --> Cannot call constructor
#0 C:\xampp\htdocs\sikerja\system\CodeIgniter.php(890): App\Controllers\Home->__construct()
#1 C:\xampp\htdocs\sikerja\system\CodeIgniter.php(399): CodeIgniter\CodeIgniter->createController()
#2 C:\xampp\htdocs\sikerja\system\CodeIgniter.php(312): CodeIgniter\CodeIgniter->handleRequest(NULL, Object(Config\Cache), false)
#3 C:\xampp\htdocs\sikerja\public\index.php(45): CodeIgniter\CodeIgniter->run()
#4 C:\xampp\htdocs\sikerja\system\Commands\Server\rewrite.php(34): require_once('C:\\xampp\\htdocs...')
#5 {main}
CRITICAL - 2020-08-12 02:07:31 --> Uncaught ErrorException: include(): Filename cannot be empty in C:\xampp\htdocs\sikerja\system\Debug\Exceptions.php:308
Stack trace:
#0 C:\xampp\htdocs\sikerja\system\Debug\Exceptions.php(308): CodeIgniter\Debug\Exceptions->errorHandler(2, 'include(): File...', 'C:\\xampp\\htdocs...', 308, Array)
#1 C:\xampp\htdocs\sikerja\system\Debug\Exceptions.php(308): include()
#2 C:\xampp\htdocs\sikerja\system\Debug\Exceptions.php(174): CodeIgniter\Debug\Exceptions->render(Object(Error), 500)
#3 [internal function]: CodeIgniter\Debug\Exceptions->exceptionHandler(Object(Error))
#4 {main}
  thrown
#0 [internal function]: CodeIgniter\Debug\Exceptions->shutdownHandler()
#1 {main}
CRITICAL - 2020-08-12 02:07:32 --> Cannot call constructor
#0 C:\xampp\htdocs\sikerja\system\CodeIgniter.php(890): App\Controllers\Home->__construct()
#1 C:\xampp\htdocs\sikerja\system\CodeIgniter.php(399): CodeIgniter\CodeIgniter->createController()
#2 C:\xampp\htdocs\sikerja\system\CodeIgniter.php(312): CodeIgniter\CodeIgniter->handleRequest(NULL, Object(Config\Cache), false)
#3 C:\xampp\htdocs\sikerja\public\index.php(45): CodeIgniter\CodeIgniter->run()
#4 C:\xampp\htdocs\sikerja\system\Commands\Server\rewrite.php(34): require_once('C:\\xampp\\htdocs...')
#5 {main}
CRITICAL - 2020-08-12 02:07:32 --> Uncaught ErrorException: include(): Filename cannot be empty in C:\xampp\htdocs\sikerja\system\Debug\Exceptions.php:308
Stack trace:
#0 C:\xampp\htdocs\sikerja\system\Debug\Exceptions.php(308): CodeIgniter\Debug\Exceptions->errorHandler(2, 'include(): File...', 'C:\\xampp\\htdocs...', 308, Array)
#1 C:\xampp\htdocs\sikerja\system\Debug\Exceptions.php(308): include()
#2 C:\xampp\htdocs\sikerja\system\Debug\Exceptions.php(174): CodeIgniter\Debug\Exceptions->render(Object(Error), 500)
#3 [internal function]: CodeIgniter\Debug\Exceptions->exceptionHandler(Object(Error))
#4 {main}
  thrown
#0 [internal function]: CodeIgniter\Debug\Exceptions->shutdownHandler()
#1 {main}
CRITICAL - 2020-08-12 02:07:39 --> Cannot call constructor
#0 C:\xampp\htdocs\sikerja\system\CodeIgniter.php(890): App\Controllers\Home->__construct()
#1 C:\xampp\htdocs\sikerja\system\CodeIgniter.php(399): CodeIgniter\CodeIgniter->createController()
#2 C:\xampp\htdocs\sikerja\system\CodeIgniter.php(312): CodeIgniter\CodeIgniter->handleRequest(NULL, Object(Config\Cache), false)
#3 C:\xampp\htdocs\sikerja\public\index.php(45): CodeIgniter\CodeIgniter->run()
#4 C:\xampp\htdocs\sikerja\system\Commands\Server\rewrite.php(34): require_once('C:\\xampp\\htdocs...')
#5 {main}
CRITICAL - 2020-08-12 02:07:39 --> Uncaught ErrorException: include(): Filename cannot be empty in C:\xampp\htdocs\sikerja\system\Debug\Exceptions.php:308
Stack trace:
#0 C:\xampp\htdocs\sikerja\system\Debug\Exceptions.php(308): CodeIgniter\Debug\Exceptions->errorHandler(2, 'include(): File...', 'C:\\xampp\\htdocs...', 308, Array)
#1 C:\xampp\htdocs\sikerja\system\Debug\Exceptions.php(308): include()
#2 C:\xampp\htdocs\sikerja\system\Debug\Exceptions.php(174): CodeIgniter\Debug\Exceptions->render(Object(Error), 500)
#3 [internal function]: CodeIgniter\Debug\Exceptions->exceptionHandler(Object(Error))
#4 {main}
  thrown
#0 [internal function]: CodeIgniter\Debug\Exceptions->shutdownHandler()
#1 {main}
CRITICAL - 2020-08-12 02:08:27 --> Cannot call constructor
#0 C:\xampp\htdocs\sikerja\system\CodeIgniter.php(890): App\Controllers\Home->__construct()
#1 C:\xampp\htdocs\sikerja\system\CodeIgniter.php(399): CodeIgniter\CodeIgniter->createController()
#2 C:\xampp\htdocs\sikerja\system\CodeIgniter.php(312): CodeIgniter\CodeIgniter->handleRequest(NULL, Object(Config\Cache), false)
#3 C:\xampp\htdocs\sikerja\public\index.php(45): CodeIgniter\CodeIgniter->run()
#4 C:\xampp\htdocs\sikerja\system\Commands\Server\rewrite.php(34): require_once('C:\\xampp\\htdocs...')
#5 {main}
CRITICAL - 2020-08-12 02:08:27 --> Uncaught ErrorException: include(): Filename cannot be empty in C:\xampp\htdocs\sikerja\system\Debug\Exceptions.php:308
Stack trace:
#0 C:\xampp\htdocs\sikerja\system\Debug\Exceptions.php(308): CodeIgniter\Debug\Exceptions->errorHandler(2, 'include(): File...', 'C:\\xampp\\htdocs...', 308, Array)
#1 C:\xampp\htdocs\sikerja\system\Debug\Exceptions.php(308): include()
#2 C:\xampp\htdocs\sikerja\system\Debug\Exceptions.php(174): CodeIgniter\Debug\Exceptions->render(Object(Error), 500)
#3 [internal function]: CodeIgniter\Debug\Exceptions->exceptionHandler(Object(Error))
#4 {main}
  thrown
#0 [internal function]: CodeIgniter\Debug\Exceptions->shutdownHandler()
#1 {main}
CRITICAL - 2020-08-12 02:49:58 --> Cannot call constructor
#0 C:\xampp\htdocs\sikerja\system\CodeIgniter.php(890): App\Controllers\Home->__construct()
#1 C:\xampp\htdocs\sikerja\system\CodeIgniter.php(399): CodeIgniter\CodeIgniter->createController()
#2 C:\xampp\htdocs\sikerja\system\CodeIgniter.php(312): CodeIgniter\CodeIgniter->handleRequest(NULL, Object(Config\Cache), false)
#3 C:\xampp\htdocs\sikerja\public\index.php(45): CodeIgniter\CodeIgniter->run()
#4 C:\xampp\htdocs\sikerja\system\Commands\Server\rewrite.php(34): require_once('C:\\xampp\\htdocs...')
#5 {main}
CRITICAL - 2020-08-12 02:49:58 --> Uncaught ErrorException: include(): Filename cannot be empty in C:\xampp\htdocs\sikerja\system\Debug\Exceptions.php:308
Stack trace:
#0 C:\xampp\htdocs\sikerja\system\Debug\Exceptions.php(308): CodeIgniter\Debug\Exceptions->errorHandler(2, 'include(): File...', 'C:\\xampp\\htdocs...', 308, Array)
#1 C:\xampp\htdocs\sikerja\system\Debug\Exceptions.php(308): include()
#2 C:\xampp\htdocs\sikerja\system\Debug\Exceptions.php(174): CodeIgniter\Debug\Exceptions->render(Object(Error), 500)
#3 [internal function]: CodeIgniter\Debug\Exceptions->exceptionHandler(Object(Error))
#4 {main}
  thrown
#0 [internal function]: CodeIgniter\Debug\Exceptions->shutdownHandler()
#1 {main}
CRITICAL - 2020-08-12 02:49:59 --> Cannot call constructor
#0 C:\xampp\htdocs\sikerja\system\CodeIgniter.php(890): App\Controllers\Home->__construct()
#1 C:\xampp\htdocs\sikerja\system\CodeIgniter.php(399): CodeIgniter\CodeIgniter->createController()
#2 C:\xampp\htdocs\sikerja\system\CodeIgniter.php(312): CodeIgniter\CodeIgniter->handleRequest(NULL, Object(Config\Cache), false)
#3 C:\xampp\htdocs\sikerja\public\index.php(45): CodeIgniter\CodeIgniter->run()
#4 C:\xampp\htdocs\sikerja\system\Commands\Server\rewrite.php(34): require_once('C:\\xampp\\htdocs...')
#5 {main}
CRITICAL - 2020-08-12 02:49:59 --> Uncaught ErrorException: include(): Filename cannot be empty in C:\xampp\htdocs\sikerja\system\Debug\Exceptions.php:308
Stack trace:
#0 C:\xampp\htdocs\sikerja\system\Debug\Exceptions.php(308): CodeIgniter\Debug\Exceptions->errorHandler(2, 'include(): File...', 'C:\\xampp\\htdocs...', 308, Array)
#1 C:\xampp\htdocs\sikerja\system\Debug\Exceptions.php(308): include()
#2 C:\xampp\htdocs\sikerja\system\Debug\Exceptions.php(174): CodeIgniter\Debug\Exceptions->render(Object(Error), 500)
#3 [internal function]: CodeIgniter\Debug\Exceptions->exceptionHandler(Object(Error))
#4 {main}
  thrown
#0 [internal function]: CodeIgniter\Debug\Exceptions->shutdownHandler()
#1 {main}
CRITICAL - 2020-08-12 02:50:28 --> syntax error, unexpected ']'
#0 C:\xampp\htdocs\sikerja\system\Autoloader\Autoloader.php(296): CodeIgniter\Autoloader\Autoloader->requireFile('C:\\xampp\\htdocs...')
#1 C:\xampp\htdocs\sikerja\system\Autoloader\Autoloader.php(258): CodeIgniter\Autoloader\Autoloader->loadInNamespace('App\\Controllers...')
#2 [internal function]: CodeIgniter\Autoloader\Autoloader->loadClass('App\\Controllers...')
#3 [internal function]: spl_autoload_call('App\\Controllers...')
#4 C:\xampp\htdocs\sikerja\system\CodeIgniter.php(869): class_exists('\\App\\Controller...', true)
#5 C:\xampp\htdocs\sikerja\system\CodeIgniter.php(394): CodeIgniter\CodeIgniter->startController()
#6 C:\xampp\htdocs\sikerja\system\CodeIgniter.php(312): CodeIgniter\CodeIgniter->handleRequest(NULL, Object(Config\Cache), false)
#7 C:\xampp\htdocs\sikerja\public\index.php(45): CodeIgniter\CodeIgniter->run()
#8 C:\xampp\htdocs\sikerja\system\Commands\Server\rewrite.php(34): require_once('C:\\xampp\\htdocs...')
#9 {main}
CRITICAL - 2020-08-12 02:50:28 --> Uncaught ErrorException: include(): Filename cannot be empty in C:\xampp\htdocs\sikerja\system\Debug\Exceptions.php:308
Stack trace:
#0 C:\xampp\htdocs\sikerja\system\Debug\Exceptions.php(308): CodeIgniter\Debug\Exceptions->errorHandler(2, 'include(): File...', 'C:\\xampp\\htdocs...', 308, Array)
#1 C:\xampp\htdocs\sikerja\system\Debug\Exceptions.php(308): include()
#2 C:\xampp\htdocs\sikerja\system\Debug\Exceptions.php(174): CodeIgniter\Debug\Exceptions->render(Object(ParseError), 500)
#3 [internal function]: CodeIgniter\Debug\Exceptions->exceptionHandler(Object(ParseError))
#4 {main}
  thrown
#0 [internal function]: CodeIgniter\Debug\Exceptions->shutdownHandler()
#1 {main}
CRITICAL - 2020-08-12 02:56:58 --> syntax error, unexpected ']'
#0 C:\xampp\htdocs\sikerja\system\Autoloader\Autoloader.php(296): CodeIgniter\Autoloader\Autoloader->requireFile('C:\\xampp\\htdocs...')
#1 C:\xampp\htdocs\sikerja\system\Autoloader\Autoloader.php(258): CodeIgniter\Autoloader\Autoloader->loadInNamespace('App\\Controllers...')
#2 [internal function]: CodeIgniter\Autoloader\Autoloader->loadClass('App\\Controllers...')
#3 [internal function]: spl_autoload_call('App\\Controllers...')
#4 C:\xampp\htdocs\sikerja\system\CodeIgniter.php(869): class_exists('\\App\\Controller...', true)
#5 C:\xampp\htdocs\sikerja\system\CodeIgniter.php(394): CodeIgniter\CodeIgniter->startController()
#6 C:\xampp\htdocs\sikerja\system\CodeIgniter.php(312): CodeIgniter\CodeIgniter->handleRequest(NULL, Object(Config\Cache), false)
#7 C:\xampp\htdocs\sikerja\public\index.php(45): CodeIgniter\CodeIgniter->run()
#8 C:\xampp\htdocs\sikerja\system\Commands\Server\rewrite.php(34): require_once('C:\\xampp\\htdocs...')
#9 {main}
CRITICAL - 2020-08-12 02:56:58 --> Uncaught ErrorException: include(): Filename cannot be empty in C:\xampp\htdocs\sikerja\system\Debug\Exceptions.php:308
Stack trace:
#0 C:\xampp\htdocs\sikerja\system\Debug\Exceptions.php(308): CodeIgniter\Debug\Exceptions->errorHandler(2, 'include(): File...', 'C:\\xampp\\htdocs...', 308, Array)
#1 C:\xampp\htdocs\sikerja\system\Debug\Exceptions.php(308): include()
#2 C:\xampp\htdocs\sikerja\system\Debug\Exceptions.php(174): CodeIgniter\Debug\Exceptions->render(Object(ParseError), 500)
#3 [internal function]: CodeIgniter\Debug\Exceptions->exceptionHandler(Object(ParseError))
#4 {main}
  thrown
#0 [internal function]: CodeIgniter\Debug\Exceptions->shutdownHandler()
#1 {main}
CRITICAL - 2020-08-12 02:56:59 --> syntax error, unexpected ']'
#0 C:\xampp\htdocs\sikerja\system\Autoloader\Autoloader.php(296): CodeIgniter\Autoloader\Autoloader->requireFile('C:\\xampp\\htdocs...')
#1 C:\xampp\htdocs\sikerja\system\Autoloader\Autoloader.php(258): CodeIgniter\Autoloader\Autoloader->loadInNamespace('App\\Controllers...')
#2 [internal function]: CodeIgniter\Autoloader\Autoloader->loadClass('App\\Controllers...')
#3 [internal function]: spl_autoload_call('App\\Controllers...')
#4 C:\xampp\htdocs\sikerja\system\CodeIgniter.php(869): class_exists('\\App\\Controller...', true)
#5 C:\xampp\htdocs\sikerja\system\CodeIgniter.php(394): CodeIgniter\CodeIgniter->startController()
#6 C:\xampp\htdocs\sikerja\system\CodeIgniter.php(312): CodeIgniter\CodeIgniter->handleRequest(NULL, Object(Config\Cache), false)
#7 C:\xampp\htdocs\sikerja\public\index.php(45): CodeIgniter\CodeIgniter->run()
#8 C:\xampp\htdocs\sikerja\system\Commands\Server\rewrite.php(34): require_once('C:\\xampp\\htdocs...')
#9 {main}
CRITICAL - 2020-08-12 02:56:59 --> Uncaught ErrorException: include(): Filename cannot be empty in C:\xampp\htdocs\sikerja\system\Debug\Exceptions.php:308
Stack trace:
#0 C:\xampp\htdocs\sikerja\system\Debug\Exceptions.php(308): CodeIgniter\Debug\Exceptions->errorHandler(2, 'include(): File...', 'C:\\xampp\\htdocs...', 308, Array)
#1 C:\xampp\htdocs\sikerja\system\Debug\Exceptions.php(308): include()
#2 C:\xampp\htdocs\sikerja\system\Debug\Exceptions.php(174): CodeIgniter\Debug\Exceptions->render(Object(ParseError), 500)
#3 [internal function]: CodeIgniter\Debug\Exceptions->exceptionHandler(Object(ParseError))
#4 {main}
  thrown
#0 [internal function]: CodeIgniter\Debug\Exceptions->shutdownHandler()
#1 {main}
CRITICAL - 2020-08-12 02:57:01 --> syntax error, unexpected ']'
#0 C:\xampp\htdocs\sikerja\system\Autoloader\Autoloader.php(296): CodeIgniter\Autoloader\Autoloader->requireFile('C:\\xampp\\htdocs...')
#1 C:\xampp\htdocs\sikerja\system\Autoloader\Autoloader.php(258): CodeIgniter\Autoloader\Autoloader->loadInNamespace('App\\Controllers...')
#2 [internal function]: CodeIgniter\Autoloader\Autoloader->loadClass('App\\Controllers...')
#3 [internal function]: spl_autoload_call('App\\Controllers...')
#4 C:\xampp\htdocs\sikerja\system\CodeIgniter.php(869): class_exists('\\App\\Controller...', true)
#5 C:\xampp\htdocs\sikerja\system\CodeIgniter.php(394): CodeIgniter\CodeIgniter->startController()
#6 C:\xampp\htdocs\sikerja\system\CodeIgniter.php(312): CodeIgniter\CodeIgniter->handleRequest(NULL, Object(Config\Cache), false)
#7 C:\xampp\htdocs\sikerja\public\index.php(45): CodeIgniter\CodeIgniter->run()
#8 C:\xampp\htdocs\sikerja\system\Commands\Server\rewrite.php(34): require_once('C:\\xampp\\htdocs...')
#9 {main}
CRITICAL - 2020-08-12 02:57:01 --> Uncaught ErrorException: include(): Filename cannot be empty in C:\xampp\htdocs\sikerja\system\Debug\Exceptions.php:308
Stack trace:
#0 C:\xampp\htdocs\sikerja\system\Debug\Exceptions.php(308): CodeIgniter\Debug\Exceptions->errorHandler(2, 'include(): File...', 'C:\\xampp\\htdocs...', 308, Array)
#1 C:\xampp\htdocs\sikerja\system\Debug\Exceptions.php(308): include()
#2 C:\xampp\htdocs\sikerja\system\Debug\Exceptions.php(174): CodeIgniter\Debug\Exceptions->render(Object(ParseError), 500)
#3 [internal function]: CodeIgniter\Debug\Exceptions->exceptionHandler(Object(ParseError))
#4 {main}
  thrown
#0 [internal function]: CodeIgniter\Debug\Exceptions->shutdownHandler()
#1 {main}
CRITICAL - 2020-08-12 02:58:30 --> syntax error, unexpected ']'
#0 C:\xampp\htdocs\sikerja\system\Autoloader\Autoloader.php(296): CodeIgniter\Autoloader\Autoloader->requireFile('C:\\xampp\\htdocs...')
#1 C:\xampp\htdocs\sikerja\system\Autoloader\Autoloader.php(258): CodeIgniter\Autoloader\Autoloader->loadInNamespace('App\\Controllers...')
#2 [internal function]: CodeIgniter\Autoloader\Autoloader->loadClass('App\\Controllers...')
#3 [internal function]: spl_autoload_call('App\\Controllers...')
#4 C:\xampp\htdocs\sikerja\system\CodeIgniter.php(869): class_exists('\\App\\Controller...', true)
#5 C:\xampp\htdocs\sikerja\system\CodeIgniter.php(394): CodeIgniter\CodeIgniter->startController()
#6 C:\xampp\htdocs\sikerja\system\CodeIgniter.php(312): CodeIgniter\CodeIgniter->handleRequest(NULL, Object(Config\Cache), false)
#7 C:\xampp\htdocs\sikerja\public\index.php(45): CodeIgniter\CodeIgniter->run()
#8 C:\xampp\htdocs\sikerja\system\Commands\Server\rewrite.php(34): require_once('C:\\xampp\\htdocs...')
#9 {main}
CRITICAL - 2020-08-12 02:58:30 --> Uncaught ErrorException: include(): Filename cannot be empty in C:\xampp\htdocs\sikerja\system\Debug\Exceptions.php:308
Stack trace:
#0 C:\xampp\htdocs\sikerja\system\Debug\Exceptions.php(308): CodeIgniter\Debug\Exceptions->errorHandler(2, 'include(): File...', 'C:\\xampp\\htdocs...', 308, Array)
#1 C:\xampp\htdocs\sikerja\system\Debug\Exceptions.php(308): include()
#2 C:\xampp\htdocs\sikerja\system\Debug\Exceptions.php(174): CodeIgniter\Debug\Exceptions->render(Object(ParseError), 500)
#3 [internal function]: CodeIgniter\Debug\Exceptions->exceptionHandler(Object(ParseError))
#4 {main}
  thrown
#0 [internal function]: CodeIgniter\Debug\Exceptions->shutdownHandler()
#1 {main}
CRITICAL - 2020-08-12 03:54:57 --> syntax error, unexpected ']'
#0 C:\xampp\htdocs\sikerja\system\Autoloader\Autoloader.php(296): CodeIgniter\Autoloader\Autoloader->requireFile('C:\\xampp\\htdocs...')
#1 C:\xampp\htdocs\sikerja\system\Autoloader\Autoloader.php(258): CodeIgniter\Autoloader\Autoloader->loadInNamespace('App\\Controllers...')
#2 [internal function]: CodeIgniter\Autoloader\Autoloader->loadClass('App\\Controllers...')
#3 [internal function]: spl_autoload_call('App\\Controllers...')
#4 C:\xampp\htdocs\sikerja\system\CodeIgniter.php(869): class_exists('\\App\\Controller...', true)
#5 C:\xampp\htdocs\sikerja\system\CodeIgniter.php(394): CodeIgniter\CodeIgniter->startController()
#6 C:\xampp\htdocs\sikerja\system\CodeIgniter.php(312): CodeIgniter\CodeIgniter->handleRequest(NULL, Object(Config\Cache), false)
#7 C:\xampp\htdocs\sikerja\public\index.php(45): CodeIgniter\CodeIgniter->run()
#8 C:\xampp\htdocs\sikerja\system\Commands\Server\rewrite.php(34): require_once('C:\\xampp\\htdocs...')
#9 {main}
CRITICAL - 2020-08-12 03:54:57 --> Uncaught ErrorException: include(): Filename cannot be empty in C:\xampp\htdocs\sikerja\system\Debug\Exceptions.php:308
Stack trace:
#0 C:\xampp\htdocs\sikerja\system\Debug\Exceptions.php(308): CodeIgniter\Debug\Exceptions->errorHandler(2, 'include(): File...', 'C:\\xampp\\htdocs...', 308, Array)
#1 C:\xampp\htdocs\sikerja\system\Debug\Exceptions.php(308): include()
#2 C:\xampp\htdocs\sikerja\system\Debug\Exceptions.php(174): CodeIgniter\Debug\Exceptions->render(Object(ParseError), 500)
#3 [internal function]: CodeIgniter\Debug\Exceptions->exceptionHandler(Object(ParseError))
#4 {main}
  thrown
#0 [internal function]: CodeIgniter\Debug\Exceptions->shutdownHandler()
#1 {main}
CRITICAL - 2020-08-12 04:06:00 --> Cannot call constructor
#0 C:\xampp\htdocs\sikerja\system\CodeIgniter.php(890): App\Controllers\Home->__construct()
#1 C:\xampp\htdocs\sikerja\system\CodeIgniter.php(399): CodeIgniter\CodeIgniter->createController()
#2 C:\xampp\htdocs\sikerja\system\CodeIgniter.php(312): CodeIgniter\CodeIgniter->handleRequest(NULL, Object(Config\Cache), false)
#3 C:\xampp\htdocs\sikerja\public\index.php(45): CodeIgniter\CodeIgniter->run()
#4 C:\xampp\htdocs\sikerja\system\Commands\Server\rewrite.php(34): require_once('C:\\xampp\\htdocs...')
#5 {main}
CRITICAL - 2020-08-12 04:06:00 --> Uncaught ErrorException: include(): Filename cannot be empty in C:\xampp\htdocs\sikerja\system\Debug\Exceptions.php:308
Stack trace:
#0 C:\xampp\htdocs\sikerja\system\Debug\Exceptions.php(308): CodeIgniter\Debug\Exceptions->errorHandler(2, 'include(): File...', 'C:\\xampp\\htdocs...', 308, Array)
#1 C:\xampp\htdocs\sikerja\system\Debug\Exceptions.php(308): include()
#2 C:\xampp\htdocs\sikerja\system\Debug\Exceptions.php(174): CodeIgniter\Debug\Exceptions->render(Object(Error), 500)
#3 [internal function]: CodeIgniter\Debug\Exceptions->exceptionHandler(Object(Error))
#4 {main}
  thrown
#0 [internal function]: CodeIgniter\Debug\Exceptions->shutdownHandler()
#1 {main}
CRITICAL - 2020-08-12 04:06:16 --> Cannot call constructor
#0 C:\xampp\htdocs\sikerja\system\CodeIgniter.php(890): App\Controllers\Home->__construct()
#1 C:\xampp\htdocs\sikerja\system\CodeIgniter.php(399): CodeIgniter\CodeIgniter->createController()
#2 C:\xampp\htdocs\sikerja\system\CodeIgniter.php(312): CodeIgniter\CodeIgniter->handleRequest(NULL, Object(Config\Cache), false)
#3 C:\xampp\htdocs\sikerja\public\index.php(45): CodeIgniter\CodeIgniter->run()
#4 C:\xampp\htdocs\sikerja\system\Commands\Server\rewrite.php(34): require_once('C:\\xampp\\htdocs...')
#5 {main}
CRITICAL - 2020-08-12 04:06:16 --> Uncaught ErrorException: include(): Filename cannot be empty in C:\xampp\htdocs\sikerja\system\Debug\Exceptions.php:308
Stack trace:
#0 C:\xampp\htdocs\sikerja\system\Debug\Exceptions.php(308): CodeIgniter\Debug\Exceptions->errorHandler(2, 'include(): File...', 'C:\\xampp\\htdocs...', 308, Array)
#1 C:\xampp\htdocs\sikerja\system\Debug\Exceptions.php(308): include()
#2 C:\xampp\htdocs\sikerja\system\Debug\Exceptions.php(174): CodeIgniter\Debug\Exceptions->render(Object(Error), 500)
#3 [internal function]: CodeIgniter\Debug\Exceptions->exceptionHandler(Object(Error))
#4 {main}
  thrown
#0 [internal function]: CodeIgniter\Debug\Exceptions->shutdownHandler()
#1 {main}
CRITICAL - 2020-08-12 04:06:36 --> Cannot call constructor
#0 C:\xampp\htdocs\sikerja\system\CodeIgniter.php(890): App\Controllers\Home->__construct()
#1 C:\xampp\htdocs\sikerja\system\CodeIgniter.php(399): CodeIgniter\CodeIgniter->createController()
#2 C:\xampp\htdocs\sikerja\system\CodeIgniter.php(312): CodeIgniter\CodeIgniter->handleRequest(NULL, Object(Config\Cache), false)
#3 C:\xampp\htdocs\sikerja\public\index.php(45): CodeIgniter\CodeIgniter->run()
#4 C:\xampp\htdocs\sikerja\system\Commands\Server\rewrite.php(34): require_once('C:\\xampp\\htdocs...')
#5 {main}
CRITICAL - 2020-08-12 04:06:36 --> Uncaught ErrorException: include(): Filename cannot be empty in C:\xampp\htdocs\sikerja\system\Debug\Exceptions.php:308
Stack trace:
#0 C:\xampp\htdocs\sikerja\system\Debug\Exceptions.php(308): CodeIgniter\Debug\Exceptions->errorHandler(2, 'include(): File...', 'C:\\xampp\\htdocs...', 308, Array)
#1 C:\xampp\htdocs\sikerja\system\Debug\Exceptions.php(308): include()
#2 C:\xampp\htdocs\sikerja\system\Debug\Exceptions.php(174): CodeIgniter\Debug\Exceptions->render(Object(Error), 500)
#3 [internal function]: CodeIgniter\Debug\Exceptions->exceptionHandler(Object(Error))
#4 {main}
  thrown
#0 [internal function]: CodeIgniter\Debug\Exceptions->shutdownHandler()
#1 {main}
CRITICAL - 2020-08-12 04:08:45 --> Cannot call constructor
#0 C:\xampp\htdocs\sikerja\system\CodeIgniter.php(890): App\Controllers\Home->__construct()
#1 C:\xampp\htdocs\sikerja\system\CodeIgniter.php(399): CodeIgniter\CodeIgniter->createController()
#2 C:\xampp\htdocs\sikerja\system\CodeIgniter.php(312): CodeIgniter\CodeIgniter->handleRequest(NULL, Object(Config\Cache), false)
#3 C:\xampp\htdocs\sikerja\public\index.php(45): CodeIgniter\CodeIgniter->run()
#4 C:\xampp\htdocs\sikerja\system\Commands\Server\rewrite.php(34): require_once('C:\\xampp\\htdocs...')
#5 {main}
CRITICAL - 2020-08-12 04:08:45 --> Uncaught ErrorException: include(): Filename cannot be empty in C:\xampp\htdocs\sikerja\system\Debug\Exceptions.php:308
Stack trace:
#0 C:\xampp\htdocs\sikerja\system\Debug\Exceptions.php(308): CodeIgniter\Debug\Exceptions->errorHandler(2, 'include(): File...', 'C:\\xampp\\htdocs...', 308, Array)
#1 C:\xampp\htdocs\sikerja\system\Debug\Exceptions.php(308): include()
#2 C:\xampp\htdocs\sikerja\system\Debug\Exceptions.php(174): CodeIgniter\Debug\Exceptions->render(Object(Error), 500)
#3 [internal function]: CodeIgniter\Debug\Exceptions->exceptionHandler(Object(Error))
#4 {main}
  thrown
#0 [internal function]: CodeIgniter\Debug\Exceptions->shutdownHandler()
#1 {main}
CRITICAL - 2020-08-12 04:09:01 --> Cannot call constructor
#0 C:\xampp\htdocs\sikerja\system\CodeIgniter.php(890): App\Controllers\Home->__construct()
#1 C:\xampp\htdocs\sikerja\system\CodeIgniter.php(399): CodeIgniter\CodeIgniter->createController()
#2 C:\xampp\htdocs\sikerja\system\CodeIgniter.php(312): CodeIgniter\CodeIgniter->handleRequest(NULL, Object(Config\Cache), false)
#3 C:\xampp\htdocs\sikerja\public\index.php(45): CodeIgniter\CodeIgniter->run()
#4 C:\xampp\htdocs\sikerja\system\Commands\Server\rewrite.php(34): require_once('C:\\xampp\\htdocs...')
#5 {main}
CRITICAL - 2020-08-12 04:09:01 --> Uncaught ErrorException: include(): Filename cannot be empty in C:\xampp\htdocs\sikerja\system\Debug\Exceptions.php:308
Stack trace:
#0 C:\xampp\htdocs\sikerja\system\Debug\Exceptions.php(308): CodeIgniter\Debug\Exceptions->errorHandler(2, 'include(): File...', 'C:\\xampp\\htdocs...', 308, Array)
#1 C:\xampp\htdocs\sikerja\system\Debug\Exceptions.php(308): include()
#2 C:\xampp\htdocs\sikerja\system\Debug\Exceptions.php(174): CodeIgniter\Debug\Exceptions->render(Object(Error), 500)
#3 [internal function]: CodeIgniter\Debug\Exceptions->exceptionHandler(Object(Error))
#4 {main}
  thrown
#0 [internal function]: CodeIgniter\Debug\Exceptions->shutdownHandler()
#1 {main}
CRITICAL - 2020-08-12 04:09:10 --> Argument 2 passed to view() must be of the type array, null given, called in C:\xampp\htdocs\sikerja\app\Controllers\Home.php on line 30
#0 C:\xampp\htdocs\sikerja\app\Controllers\Home.php(30): view('dashboard', NULL)
#1 C:\xampp\htdocs\sikerja\system\CodeIgniter.php(918): App\Controllers\Home->index()
#2 C:\xampp\htdocs\sikerja\system\CodeIgniter.php(404): CodeIgniter\CodeIgniter->runController(Object(App\Controllers\Home))
#3 C:\xampp\htdocs\sikerja\system\CodeIgniter.php(312): CodeIgniter\CodeIgniter->handleRequest(NULL, Object(Config\Cache), false)
#4 C:\xampp\htdocs\sikerja\public\index.php(45): CodeIgniter\CodeIgniter->run()
#5 C:\xampp\htdocs\sikerja\system\Commands\Server\rewrite.php(34): require_once('C:\\xampp\\htdocs...')
#6 {main}
CRITICAL - 2020-08-12 04:09:10 --> Uncaught ErrorException: include(): Filename cannot be empty in C:\xampp\htdocs\sikerja\system\Debug\Exceptions.php:308
Stack trace:
#0 C:\xampp\htdocs\sikerja\system\Debug\Exceptions.php(308): CodeIgniter\Debug\Exceptions->errorHandler(2, 'include(): File...', 'C:\\xampp\\htdocs...', 308, Array)
#1 C:\xampp\htdocs\sikerja\system\Debug\Exceptions.php(308): include()
#2 C:\xampp\htdocs\sikerja\system\Debug\Exceptions.php(174): CodeIgniter\Debug\Exceptions->render(Object(TypeError), 500)
#3 [internal function]: CodeIgniter\Debug\Exceptions->exceptionHandler(Object(TypeError))
#4 {main}
  thrown
#0 [internal function]: CodeIgniter\Debug\Exceptions->shutdownHandler()
#1 {main}
CRITICAL - 2020-08-12 04:09:20 --> Call to a member function cookie() on null
#0 C:\xampp\htdocs\sikerja\system\View\View.php(246): include()
#1 C:\xampp\htdocs\sikerja\system\Common.php(1119): CodeIgniter\View\View->render('_partials/heade...', Array, true)
#2 C:\xampp\htdocs\sikerja\app\Views\dashboard.php(1): view('_partials/heade...')
#3 C:\xampp\htdocs\sikerja\system\View\View.php(246): include('C:\\xampp\\htdocs...')
#4 C:\xampp\htdocs\sikerja\system\Common.php(1119): CodeIgniter\View\View->render('dashboard', Array, true)
#5 C:\xampp\htdocs\sikerja\app\Controllers\Home.php(30): view('dashboard')
#6 C:\xampp\htdocs\sikerja\system\CodeIgniter.php(918): App\Controllers\Home->index()
#7 C:\xampp\htdocs\sikerja\system\CodeIgniter.php(404): CodeIgniter\CodeIgniter->runController(Object(App\Controllers\Home))
#8 C:\xampp\htdocs\sikerja\system\CodeIgniter.php(312): CodeIgniter\CodeIgniter->handleRequest(NULL, Object(Config\Cache), false)
#9 C:\xampp\htdocs\sikerja\public\index.php(45): CodeIgniter\CodeIgniter->run()
#10 C:\xampp\htdocs\sikerja\system\Commands\Server\rewrite.php(34): require_once('C:\\xampp\\htdocs...')
#11 {main}
CRITICAL - 2020-08-12 04:09:21 --> Uncaught ErrorException: include(): Filename cannot be empty in C:\xampp\htdocs\sikerja\system\Debug\Exceptions.php:308
Stack trace:
#0 C:\xampp\htdocs\sikerja\system\Debug\Exceptions.php(308): CodeIgniter\Debug\Exceptions->errorHandler(2, 'include(): File...', 'C:\\xampp\\htdocs...', 308, Array)
#1 C:\xampp\htdocs\sikerja\system\Debug\Exceptions.php(308): include()
#2 C:\xampp\htdocs\sikerja\system\Debug\Exceptions.php(174): CodeIgniter\Debug\Exceptions->render(Object(Error), 500)
#3 [internal function]: CodeIgniter\Debug\Exceptions->exceptionHandler(Object(Error))
#4 {main}
  thrown
#0 [internal function]: CodeIgniter\Debug\Exceptions->shutdownHandler()
#1 {main}
CRITICAL - 2020-08-12 04:11:00 --> Call to a member function cookie() on null
#0 C:\xampp\htdocs\sikerja\system\View\View.php(246): include()
#1 C:\xampp\htdocs\sikerja\system\Common.php(1119): CodeIgniter\View\View->render('_partials/heade...', Array, true)
#2 C:\xampp\htdocs\sikerja\app\Views\dashboard.php(1): view('_partials/heade...')
#3 C:\xampp\htdocs\sikerja\system\View\View.php(246): include('C:\\xampp\\htdocs...')
#4 C:\xampp\htdocs\sikerja\system\Common.php(1119): CodeIgniter\View\View->render('dashboard', Array, true)
#5 C:\xampp\htdocs\sikerja\app\Controllers\Home.php(7): view('dashboard')
#6 C:\xampp\htdocs\sikerja\system\CodeIgniter.php(918): App\Controllers\Home->index()
#7 C:\xampp\htdocs\sikerja\system\CodeIgniter.php(404): CodeIgniter\CodeIgniter->runController(Object(App\Controllers\Home))
#8 C:\xampp\htdocs\sikerja\system\CodeIgniter.php(312): CodeIgniter\CodeIgniter->handleRequest(NULL, Object(Config\Cache), false)
#9 C:\xampp\htdocs\sikerja\public\index.php(45): CodeIgniter\CodeIgniter->run()
#10 C:\xampp\htdocs\sikerja\system\Commands\Server\rewrite.php(34): require_once('C:\\xampp\\htdocs...')
#11 {main}
CRITICAL - 2020-08-12 04:11:00 --> Uncaught ErrorException: include(): Filename cannot be empty in C:\xampp\htdocs\sikerja\system\Debug\Exceptions.php:308
Stack trace:
#0 C:\xampp\htdocs\sikerja\system\Debug\Exceptions.php(308): CodeIgniter\Debug\Exceptions->errorHandler(2, 'include(): File...', 'C:\\xampp\\htdocs...', 308, Array)
#1 C:\xampp\htdocs\sikerja\system\Debug\Exceptions.php(308): include()
#2 C:\xampp\htdocs\sikerja\system\Debug\Exceptions.php(174): CodeIgniter\Debug\Exceptions->render(Object(Error), 500)
#3 [internal function]: CodeIgniter\Debug\Exceptions->exceptionHandler(Object(Error))
#4 {main}
  thrown
#0 [internal function]: CodeIgniter\Debug\Exceptions->shutdownHandler()
#1 {main}
CRITICAL - 2020-08-12 04:11:43 --> Call to a member function cookie() on null
#0 C:\xampp\htdocs\sikerja\system\View\View.php(246): include()
#1 C:\xampp\htdocs\sikerja\system\Common.php(1119): CodeIgniter\View\View->render('_partials/heade...', Array, true)
#2 C:\xampp\htdocs\sikerja\app\Views\dashboard.php(1): view('_partials/heade...')
#3 C:\xampp\htdocs\sikerja\system\View\View.php(246): include('C:\\xampp\\htdocs...')
#4 C:\xampp\htdocs\sikerja\system\Common.php(1119): CodeIgniter\View\View->render('dashboard', Array, true)
#5 C:\xampp\htdocs\sikerja\app\Controllers\Home.php(7): view('dashboard')
#6 C:\xampp\htdocs\sikerja\system\CodeIgniter.php(918): App\Controllers\Home->index()
#7 C:\xampp\htdocs\sikerja\system\CodeIgniter.php(404): CodeIgniter\CodeIgniter->runController(Object(App\Controllers\Home))
#8 C:\xampp\htdocs\sikerja\system\CodeIgniter.php(312): CodeIgniter\CodeIgniter->handleRequest(NULL, Object(Config\Cache), false)
#9 C:\xampp\htdocs\sikerja\public\index.php(45): CodeIgniter\CodeIgniter->run()
#10 C:\xampp\htdocs\sikerja\system\Commands\Server\rewrite.php(34): require_once('C:\\xampp\\htdocs...')
#11 {main}
CRITICAL - 2020-08-12 04:11:43 --> Uncaught ErrorException: include(): Filename cannot be empty in C:\xampp\htdocs\sikerja\system\Debug\Exceptions.php:308
Stack trace:
#0 C:\xampp\htdocs\sikerja\system\Debug\Exceptions.php(308): CodeIgniter\Debug\Exceptions->errorHandler(2, 'include(): File...', 'C:\\xampp\\htdocs...', 308, Array)
#1 C:\xampp\htdocs\sikerja\system\Debug\Exceptions.php(308): include()
#2 C:\xampp\htdocs\sikerja\system\Debug\Exceptions.php(174): CodeIgniter\Debug\Exceptions->render(Object(Error), 500)
#3 [internal function]: CodeIgniter\Debug\Exceptions->exceptionHandler(Object(Error))
#4 {main}
  thrown
#0 [internal function]: CodeIgniter\Debug\Exceptions->shutdownHandler()
#1 {main}
CRITICAL - 2020-08-12 04:19:36 --> Call to a member function cookie() on null
#0 C:\xampp\htdocs\sikerja\system\View\View.php(246): include()
#1 C:\xampp\htdocs\sikerja\system\Common.php(1119): CodeIgniter\View\View->render('_partials/heade...', Array, true)
#2 C:\xampp\htdocs\sikerja\app\Views\dashboard.php(1): view('_partials/heade...')
#3 C:\xampp\htdocs\sikerja\system\View\View.php(246): include('C:\\xampp\\htdocs...')
#4 C:\xampp\htdocs\sikerja\system\Common.php(1119): CodeIgniter\View\View->render('dashboard', Array, true)
#5 C:\xampp\htdocs\sikerja\app\Controllers\Home.php(7): view('dashboard')
#6 C:\xampp\htdocs\sikerja\system\CodeIgniter.php(918): App\Controllers\Home->index()
#7 C:\xampp\htdocs\sikerja\system\CodeIgniter.php(404): CodeIgniter\CodeIgniter->runController(Object(App\Controllers\Home))
#8 C:\xampp\htdocs\sikerja\system\CodeIgniter.php(312): CodeIgniter\CodeIgniter->handleRequest(NULL, Object(Config\Cache), false)
#9 C:\xampp\htdocs\sikerja\public\index.php(45): CodeIgniter\CodeIgniter->run()
#10 C:\xampp\htdocs\sikerja\system\Commands\Server\rewrite.php(34): require_once('C:\\xampp\\htdocs...')
#11 {main}
CRITICAL - 2020-08-12 04:19:36 --> Uncaught ErrorException: include(): Filename cannot be empty in C:\xampp\htdocs\sikerja\system\Debug\Exceptions.php:308
Stack trace:
#0 C:\xampp\htdocs\sikerja\system\Debug\Exceptions.php(308): CodeIgniter\Debug\Exceptions->errorHandler(2, 'include(): File...', 'C:\\xampp\\htdocs...', 308, Array)
#1 C:\xampp\htdocs\sikerja\system\Debug\Exceptions.php(308): include()
#2 C:\xampp\htdocs\sikerja\system\Debug\Exceptions.php(174): CodeIgniter\Debug\Exceptions->render(Object(Error), 500)
#3 [internal function]: CodeIgniter\Debug\Exceptions->exceptionHandler(Object(Error))
#4 {main}
  thrown
#0 [internal function]: CodeIgniter\Debug\Exceptions->shutdownHandler()
#1 {main}
CRITICAL - 2020-08-12 04:22:09 --> Call to a member function cookie() on null
#0 C:\xampp\htdocs\sikerja\system\View\View.php(246): include()
#1 C:\xampp\htdocs\sikerja\system\Common.php(1119): CodeIgniter\View\View->render('_partials/heade...', Array, true)
#2 C:\xampp\htdocs\sikerja\app\Views\home.php(1): view('_partials/heade...')
#3 C:\xampp\htdocs\sikerja\system\View\View.php(246): include('C:\\xampp\\htdocs...')
#4 C:\xampp\htdocs\sikerja\system\Common.php(1119): CodeIgniter\View\View->render('home', Array, true)
#5 C:\xampp\htdocs\sikerja\app\Controllers\Home.php(7): view('home')
#6 C:\xampp\htdocs\sikerja\system\CodeIgniter.php(918): App\Controllers\Home->index()
#7 C:\xampp\htdocs\sikerja\system\CodeIgniter.php(404): CodeIgniter\CodeIgniter->runController(Object(App\Controllers\Home))
#8 C:\xampp\htdocs\sikerja\system\CodeIgniter.php(312): CodeIgniter\CodeIgniter->handleRequest(NULL, Object(Config\Cache), false)
#9 C:\xampp\htdocs\sikerja\public\index.php(45): CodeIgniter\CodeIgniter->run()
#10 C:\xampp\htdocs\sikerja\system\Commands\Server\rewrite.php(34): require_once('C:\\xampp\\htdocs...')
#11 {main}
CRITICAL - 2020-08-12 04:22:09 --> Uncaught ErrorException: include(): Filename cannot be empty in C:\xampp\htdocs\sikerja\system\Debug\Exceptions.php:308
Stack trace:
#0 C:\xampp\htdocs\sikerja\system\Debug\Exceptions.php(308): CodeIgniter\Debug\Exceptions->errorHandler(2, 'include(): File...', 'C:\\xampp\\htdocs...', 308, Array)
#1 C:\xampp\htdocs\sikerja\system\Debug\Exceptions.php(308): include()
#2 C:\xampp\htdocs\sikerja\system\Debug\Exceptions.php(174): CodeIgniter\Debug\Exceptions->render(Object(Error), 500)
#3 [internal function]: CodeIgniter\Debug\Exceptions->exceptionHandler(Object(Error))
#4 {main}
  thrown
#0 [internal function]: CodeIgniter\Debug\Exceptions->shutdownHandler()
#1 {main}
CRITICAL - 2020-08-12 04:22:10 --> Call to a member function cookie() on null
#0 C:\xampp\htdocs\sikerja\system\View\View.php(246): include()
#1 C:\xampp\htdocs\sikerja\system\Common.php(1119): CodeIgniter\View\View->render('_partials/heade...', Array, true)
#2 C:\xampp\htdocs\sikerja\app\Views\home.php(1): view('_partials/heade...')
#3 C:\xampp\htdocs\sikerja\system\View\View.php(246): include('C:\\xampp\\htdocs...')
#4 C:\xampp\htdocs\sikerja\system\Common.php(1119): CodeIgniter\View\View->render('home', Array, true)
#5 C:\xampp\htdocs\sikerja\app\Controllers\Home.php(7): view('home')
#6 C:\xampp\htdocs\sikerja\system\CodeIgniter.php(918): App\Controllers\Home->index()
#7 C:\xampp\htdocs\sikerja\system\CodeIgniter.php(404): CodeIgniter\CodeIgniter->runController(Object(App\Controllers\Home))
#8 C:\xampp\htdocs\sikerja\system\CodeIgniter.php(312): CodeIgniter\CodeIgniter->handleRequest(NULL, Object(Config\Cache), false)
#9 C:\xampp\htdocs\sikerja\public\index.php(45): CodeIgniter\CodeIgniter->run()
#10 C:\xampp\htdocs\sikerja\system\Commands\Server\rewrite.php(34): require_once('C:\\xampp\\htdocs...')
#11 {main}
CRITICAL - 2020-08-12 04:22:10 --> Uncaught ErrorException: include(): Filename cannot be empty in C:\xampp\htdocs\sikerja\system\Debug\Exceptions.php:308
Stack trace:
#0 C:\xampp\htdocs\sikerja\system\Debug\Exceptions.php(308): CodeIgniter\Debug\Exceptions->errorHandler(2, 'include(): File...', 'C:\\xampp\\htdocs...', 308, Array)
#1 C:\xampp\htdocs\sikerja\system\Debug\Exceptions.php(308): include()
#2 C:\xampp\htdocs\sikerja\system\Debug\Exceptions.php(174): CodeIgniter\Debug\Exceptions->render(Object(Error), 500)
#3 [internal function]: CodeIgniter\Debug\Exceptions->exceptionHandler(Object(Error))
#4 {main}
  thrown
#0 [internal function]: CodeIgniter\Debug\Exceptions->shutdownHandler()
#1 {main}
CRITICAL - 2020-08-12 04:25:57 --> Call to a member function cookie() on null
#0 C:\xampp\htdocs\sikerja\system\View\View.php(246): include()
#1 C:\xampp\htdocs\sikerja\system\Common.php(1119): CodeIgniter\View\View->render('_partials/heade...', Array, true)
#2 C:\xampp\htdocs\sikerja\app\Views\home.php(1): view('_partials/heade...')
#3 C:\xampp\htdocs\sikerja\system\View\View.php(246): include('C:\\xampp\\htdocs...')
#4 C:\xampp\htdocs\sikerja\system\Common.php(1119): CodeIgniter\View\View->render('home', Array, true)
#5 C:\xampp\htdocs\sikerja\app\Controllers\Home.php(7): view('home')
#6 C:\xampp\htdocs\sikerja\system\CodeIgniter.php(918): App\Controllers\Home->index()
#7 C:\xampp\htdocs\sikerja\system\CodeIgniter.php(404): CodeIgniter\CodeIgniter->runController(Object(App\Controllers\Home))
#8 C:\xampp\htdocs\sikerja\system\CodeIgniter.php(312): CodeIgniter\CodeIgniter->handleRequest(NULL, Object(Config\Cache), false)
#9 C:\xampp\htdocs\sikerja\public\index.php(45): CodeIgniter\CodeIgniter->run()
#10 C:\xampp\htdocs\sikerja\system\Commands\Server\rewrite.php(34): require_once('C:\\xampp\\htdocs...')
#11 {main}
CRITICAL - 2020-08-12 04:25:57 --> Uncaught ErrorException: include(): Filename cannot be empty in C:\xampp\htdocs\sikerja\system\Debug\Exceptions.php:308
Stack trace:
#0 C:\xampp\htdocs\sikerja\system\Debug\Exceptions.php(308): CodeIgniter\Debug\Exceptions->errorHandler(2, 'include(): File...', 'C:\\xampp\\htdocs...', 308, Array)
#1 C:\xampp\htdocs\sikerja\system\Debug\Exceptions.php(308): include()
#2 C:\xampp\htdocs\sikerja\system\Debug\Exceptions.php(174): CodeIgniter\Debug\Exceptions->render(Object(Error), 500)
#3 [internal function]: CodeIgniter\Debug\Exceptions->exceptionHandler(Object(Error))
#4 {main}
  thrown
#0 [internal function]: CodeIgniter\Debug\Exceptions->shutdownHandler()
#1 {main}
CRITICAL - 2020-08-12 04:28:37 --> Call to a member function cookie() on null
#0 C:\xampp\htdocs\sikerja\system\View\View.php(246): include()
#1 C:\xampp\htdocs\sikerja\system\Common.php(1119): CodeIgniter\View\View->render('dashboard', Array, true)
#2 C:\xampp\htdocs\sikerja\app\Controllers\Home.php(7): view('dashboard')
#3 C:\xampp\htdocs\sikerja\system\CodeIgniter.php(918): App\Controllers\Home->index()
#4 C:\xampp\htdocs\sikerja\system\CodeIgniter.php(404): CodeIgniter\CodeIgniter->runController(Object(App\Controllers\Home))
#5 C:\xampp\htdocs\sikerja\system\CodeIgniter.php(312): CodeIgniter\CodeIgniter->handleRequest(NULL, Object(Config\Cache), false)
#6 C:\xampp\htdocs\sikerja\public\index.php(45): CodeIgniter\CodeIgniter->run()
#7 C:\xampp\htdocs\sikerja\system\Commands\Server\rewrite.php(34): require_once('C:\\xampp\\htdocs...')
#8 {main}
CRITICAL - 2020-08-12 04:28:38 --> Uncaught ErrorException: include(): Filename cannot be empty in C:\xampp\htdocs\sikerja\system\Debug\Exceptions.php:308
Stack trace:
#0 C:\xampp\htdocs\sikerja\system\Debug\Exceptions.php(308): CodeIgniter\Debug\Exceptions->errorHandler(2, 'include(): File...', 'C:\\xampp\\htdocs...', 308, Array)
#1 C:\xampp\htdocs\sikerja\system\Debug\Exceptions.php(308): include()
#2 C:\xampp\htdocs\sikerja\system\Debug\Exceptions.php(174): CodeIgniter\Debug\Exceptions->render(Object(Error), 500)
#3 [internal function]: CodeIgniter\Debug\Exceptions->exceptionHandler(Object(Error))
#4 {main}
  thrown
#0 [internal function]: CodeIgniter\Debug\Exceptions->shutdownHandler()
#1 {main}
CRITICAL - 2020-08-12 04:29:27 --> Call to a member function cookie() on null
#0 C:\xampp\htdocs\sikerja\system\View\View.php(246): include()
#1 C:\xampp\htdocs\sikerja\system\Common.php(1119): CodeIgniter\View\View->render('dashboard', Array, true)
#2 C:\xampp\htdocs\sikerja\app\Controllers\Home.php(7): view('dashboard')
#3 C:\xampp\htdocs\sikerja\system\CodeIgniter.php(918): App\Controllers\Home->index()
#4 C:\xampp\htdocs\sikerja\system\CodeIgniter.php(404): CodeIgniter\CodeIgniter->runController(Object(App\Controllers\Home))
#5 C:\xampp\htdocs\sikerja\system\CodeIgniter.php(312): CodeIgniter\CodeIgniter->handleRequest(NULL, Object(Config\Cache), false)
#6 C:\xampp\htdocs\sikerja\public\index.php(45): CodeIgniter\CodeIgniter->run()
#7 C:\xampp\htdocs\sikerja\system\Commands\Server\rewrite.php(34): require_once('C:\\xampp\\htdocs...')
#8 {main}
CRITICAL - 2020-08-12 04:29:27 --> Uncaught ErrorException: include(): Filename cannot be empty in C:\xampp\htdocs\sikerja\system\Debug\Exceptions.php:308
Stack trace:
#0 C:\xampp\htdocs\sikerja\system\Debug\Exceptions.php(308): CodeIgniter\Debug\Exceptions->errorHandler(2, 'include(): File...', 'C:\\xampp\\htdocs...', 308, Array)
#1 C:\xampp\htdocs\sikerja\system\Debug\Exceptions.php(308): include()
#2 C:\xampp\htdocs\sikerja\system\Debug\Exceptions.php(174): CodeIgniter\Debug\Exceptions->render(Object(Error), 500)
#3 [internal function]: CodeIgniter\Debug\Exceptions->exceptionHandler(Object(Error))
#4 {main}
  thrown
#0 [internal function]: CodeIgniter\Debug\Exceptions->shutdownHandler()
#1 {main}
CRITICAL - 2020-08-12 11:02:39 --> Call to a member function cookie() on null
#0 C:\xampp\htdocs\sikerja\system\View\View.php(246): include()
#1 C:\xampp\htdocs\sikerja\system\Common.php(1119): CodeIgniter\View\View->render('_partials/heade...', Array, true)
#2 C:\xampp\htdocs\sikerja\app\Views\dashboard.php(1): view('_partials/heade...')
#3 C:\xampp\htdocs\sikerja\system\View\View.php(246): include('C:\\xampp\\htdocs...')
#4 C:\xampp\htdocs\sikerja\system\Common.php(1119): CodeIgniter\View\View->render('dashboard', Array, true)
#5 C:\xampp\htdocs\sikerja\app\Controllers\Home.php(7): view('dashboard')
#6 C:\xampp\htdocs\sikerja\system\CodeIgniter.php(918): App\Controllers\Home->index()
#7 C:\xampp\htdocs\sikerja\system\CodeIgniter.php(404): CodeIgniter\CodeIgniter->runController(Object(App\Controllers\Home))
#8 C:\xampp\htdocs\sikerja\system\CodeIgniter.php(312): CodeIgniter\CodeIgniter->handleRequest(NULL, Object(Config\Cache), false)
#9 C:\xampp\htdocs\sikerja\public\index.php(45): CodeIgniter\CodeIgniter->run()
#10 C:\xampp\htdocs\sikerja\system\Commands\Server\rewrite.php(34): require_once('C:\\xampp\\htdocs...')
#11 {main}
CRITICAL - 2020-08-12 11:02:39 --> Uncaught ErrorException: include(): Filename cannot be empty in C:\xampp\htdocs\sikerja\system\Debug\Exceptions.php:308
Stack trace:
#0 C:\xampp\htdocs\sikerja\system\Debug\Exceptions.php(308): CodeIgniter\Debug\Exceptions->errorHandler(2, 'include(): File...', 'C:\\xampp\\htdocs...', 308, Array)
#1 C:\xampp\htdocs\sikerja\system\Debug\Exceptions.php(308): include()
#2 C:\xampp\htdocs\sikerja\system\Debug\Exceptions.php(174): CodeIgniter\Debug\Exceptions->render(Object(Error), 500)
#3 [internal function]: CodeIgniter\Debug\Exceptions->exceptionHandler(Object(Error))
#4 {main}
  thrown
#0 [internal function]: CodeIgniter\Debug\Exceptions->shutdownHandler()
#1 {main}
CRITICAL - 2020-08-12 11:02:40 --> Call to a member function cookie() on null
#0 C:\xampp\htdocs\sikerja\system\View\View.php(246): include()
#1 C:\xampp\htdocs\sikerja\system\Common.php(1119): CodeIgniter\View\View->render('_partials/heade...', Array, true)
#2 C:\xampp\htdocs\sikerja\app\Views\dashboard.php(1): view('_partials/heade...')
#3 C:\xampp\htdocs\sikerja\system\View\View.php(246): include('C:\\xampp\\htdocs...')
#4 C:\xampp\htdocs\sikerja\system\Common.php(1119): CodeIgniter\View\View->render('dashboard', Array, true)
#5 C:\xampp\htdocs\sikerja\app\Controllers\Home.php(7): view('dashboard')
#6 C:\xampp\htdocs\sikerja\system\CodeIgniter.php(918): App\Controllers\Home->index()
#7 C:\xampp\htdocs\sikerja\system\CodeIgniter.php(404): CodeIgniter\CodeIgniter->runController(Object(App\Controllers\Home))
#8 C:\xampp\htdocs\sikerja\system\CodeIgniter.php(312): CodeIgniter\CodeIgniter->handleRequest(NULL, Object(Config\Cache), false)
#9 C:\xampp\htdocs\sikerja\public\index.php(45): CodeIgniter\CodeIgniter->run()
#10 C:\xampp\htdocs\sikerja\system\Commands\Server\rewrite.php(34): require_once('C:\\xampp\\htdocs...')
#11 {main}
CRITICAL - 2020-08-12 11:02:41 --> Uncaught ErrorException: include(): Filename cannot be empty in C:\xampp\htdocs\sikerja\system\Debug\Exceptions.php:308
Stack trace:
#0 C:\xampp\htdocs\sikerja\system\Debug\Exceptions.php(308): CodeIgniter\Debug\Exceptions->errorHandler(2, 'include(): File...', 'C:\\xampp\\htdocs...', 308, Array)
#1 C:\xampp\htdocs\sikerja\system\Debug\Exceptions.php(308): include()
#2 C:\xampp\htdocs\sikerja\system\Debug\Exceptions.php(174): CodeIgniter\Debug\Exceptions->render(Object(Error), 500)
#3 [internal function]: CodeIgniter\Debug\Exceptions->exceptionHandler(Object(Error))
#4 {main}
  thrown
#0 [internal function]: CodeIgniter\Debug\Exceptions->shutdownHandler()
#1 {main}
CRITICAL - 2020-08-12 11:03:58 --> Call to a member function cookie() on null
#0 C:\xampp\htdocs\sikerja\system\View\View.php(246): include()
#1 C:\xampp\htdocs\sikerja\system\Common.php(1119): CodeIgniter\View\View->render('_partials/heade...', Array, true)
#2 C:\xampp\htdocs\sikerja\app\Views\dashboard.php(1): view('_partials/heade...')
#3 C:\xampp\htdocs\sikerja\system\View\View.php(246): include('C:\\xampp\\htdocs...')
#4 C:\xampp\htdocs\sikerja\system\Common.php(1119): CodeIgniter\View\View->render('dashboard', Array, true)
#5 C:\xampp\htdocs\sikerja\app\Controllers\Home.php(7): view('dashboard')
#6 C:\xampp\htdocs\sikerja\system\CodeIgniter.php(918): App\Controllers\Home->index()
#7 C:\xampp\htdocs\sikerja\system\CodeIgniter.php(404): CodeIgniter\CodeIgniter->runController(Object(App\Controllers\Home))
#8 C:\xampp\htdocs\sikerja\system\CodeIgniter.php(312): CodeIgniter\CodeIgniter->handleRequest(NULL, Object(Config\Cache), false)
#9 C:\xampp\htdocs\sikerja\public\index.php(45): CodeIgniter\CodeIgniter->run()
#10 C:\xampp\htdocs\sikerja\system\Commands\Server\rewrite.php(34): require_once('C:\\xampp\\htdocs...')
#11 {main}
CRITICAL - 2020-08-12 11:03:59 --> Uncaught ErrorException: include(): Filename cannot be empty in C:\xampp\htdocs\sikerja\system\Debug\Exceptions.php:308
Stack trace:
#0 C:\xampp\htdocs\sikerja\system\Debug\Exceptions.php(308): CodeIgniter\Debug\Exceptions->errorHandler(2, 'include(): File...', 'C:\\xampp\\htdocs...', 308, Array)
#1 C:\xampp\htdocs\sikerja\system\Debug\Exceptions.php(308): include()
#2 C:\xampp\htdocs\sikerja\system\Debug\Exceptions.php(174): CodeIgniter\Debug\Exceptions->render(Object(Error), 500)
#3 [internal function]: CodeIgniter\Debug\Exceptions->exceptionHandler(Object(Error))
#4 {main}
  thrown
#0 [internal function]: CodeIgniter\Debug\Exceptions->shutdownHandler()
#1 {main}
CRITICAL - 2020-08-12 11:04:00 --> Call to a member function cookie() on null
#0 C:\xampp\htdocs\sikerja\system\View\View.php(246): include()
#1 C:\xampp\htdocs\sikerja\system\Common.php(1119): CodeIgniter\View\View->render('_partials/heade...', Array, true)
#2 C:\xampp\htdocs\sikerja\app\Views\dashboard.php(1): view('_partials/heade...')
#3 C:\xampp\htdocs\sikerja\system\View\View.php(246): include('C:\\xampp\\htdocs...')
#4 C:\xampp\htdocs\sikerja\system\Common.php(1119): CodeIgniter\View\View->render('dashboard', Array, true)
#5 C:\xampp\htdocs\sikerja\app\Controllers\Home.php(7): view('dashboard')
#6 C:\xampp\htdocs\sikerja\system\CodeIgniter.php(918): App\Controllers\Home->index()
#7 C:\xampp\htdocs\sikerja\system\CodeIgniter.php(404): CodeIgniter\CodeIgniter->runController(Object(App\Controllers\Home))
#8 C:\xampp\htdocs\sikerja\system\CodeIgniter.php(312): CodeIgniter\CodeIgniter->handleRequest(NULL, Object(Config\Cache), false)
#9 C:\xampp\htdocs\sikerja\public\index.php(45): CodeIgniter\CodeIgniter->run()
#10 C:\xampp\htdocs\sikerja\system\Commands\Server\rewrite.php(34): require_once('C:\\xampp\\htdocs...')
#11 {main}
CRITICAL - 2020-08-12 11:04:00 --> Uncaught ErrorException: include(): Filename cannot be empty in C:\xampp\htdocs\sikerja\system\Debug\Exceptions.php:308
Stack trace:
#0 C:\xampp\htdocs\sikerja\system\Debug\Exceptions.php(308): CodeIgniter\Debug\Exceptions->errorHandler(2, 'include(): File...', 'C:\\xampp\\htdocs...', 308, Array)
#1 C:\xampp\htdocs\sikerja\system\Debug\Exceptions.php(308): include()
#2 C:\xampp\htdocs\sikerja\system\Debug\Exceptions.php(174): CodeIgniter\Debug\Exceptions->render(Object(Error), 500)
#3 [internal function]: CodeIgniter\Debug\Exceptions->exceptionHandler(Object(Error))
#4 {main}
  thrown
#0 [internal function]: CodeIgniter\Debug\Exceptions->shutdownHandler()
#1 {main}
CRITICAL - 2020-08-12 11:04:02 --> Call to a member function cookie() on null
#0 C:\xampp\htdocs\sikerja\system\View\View.php(246): include()
#1 C:\xampp\htdocs\sikerja\system\Common.php(1119): CodeIgniter\View\View->render('_partials/heade...', Array, true)
#2 C:\xampp\htdocs\sikerja\app\Views\dashboard.php(1): view('_partials/heade...')
#3 C:\xampp\htdocs\sikerja\system\View\View.php(246): include('C:\\xampp\\htdocs...')
#4 C:\xampp\htdocs\sikerja\system\Common.php(1119): CodeIgniter\View\View->render('dashboard', Array, true)
#5 C:\xampp\htdocs\sikerja\app\Controllers\Home.php(7): view('dashboard')
#6 C:\xampp\htdocs\sikerja\system\CodeIgniter.php(918): App\Controllers\Home->index()
#7 C:\xampp\htdocs\sikerja\system\CodeIgniter.php(404): CodeIgniter\CodeIgniter->runController(Object(App\Controllers\Home))
#8 C:\xampp\htdocs\sikerja\system\CodeIgniter.php(312): CodeIgniter\CodeIgniter->handleRequest(NULL, Object(Config\Cache), false)
#9 C:\xampp\htdocs\sikerja\public\index.php(45): CodeIgniter\CodeIgniter->run()
#10 C:\xampp\htdocs\sikerja\system\Commands\Server\rewrite.php(34): require_once('C:\\xampp\\htdocs...')
#11 {main}
CRITICAL - 2020-08-12 11:04:03 --> Uncaught ErrorException: include(): Filename cannot be empty in C:\xampp\htdocs\sikerja\system\Debug\Exceptions.php:308
Stack trace:
#0 C:\xampp\htdocs\sikerja\system\Debug\Exceptions.php(308): CodeIgniter\Debug\Exceptions->errorHandler(2, 'include(): File...', 'C:\\xampp\\htdocs...', 308, Array)
#1 C:\xampp\htdocs\sikerja\system\Debug\Exceptions.php(308): include()
#2 C:\xampp\htdocs\sikerja\system\Debug\Exceptions.php(174): CodeIgniter\Debug\Exceptions->render(Object(Error), 500)
#3 [internal function]: CodeIgniter\Debug\Exceptions->exceptionHandler(Object(Error))
#4 {main}
  thrown
#0 [internal function]: CodeIgniter\Debug\Exceptions->shutdownHandler()
#1 {main}
CRITICAL - 2020-08-12 11:04:05 --> Call to a member function cookie() on null
#0 C:\xampp\htdocs\sikerja\system\View\View.php(246): include()
#1 C:\xampp\htdocs\sikerja\system\Common.php(1119): CodeIgniter\View\View->render('_partials/heade...', Array, true)
#2 C:\xampp\htdocs\sikerja\app\Views\dashboard.php(1): view('_partials/heade...')
#3 C:\xampp\htdocs\sikerja\system\View\View.php(246): include('C:\\xampp\\htdocs...')
#4 C:\xampp\htdocs\sikerja\system\Common.php(1119): CodeIgniter\View\View->render('dashboard', Array, true)
#5 C:\xampp\htdocs\sikerja\app\Controllers\Home.php(7): view('dashboard')
#6 C:\xampp\htdocs\sikerja\system\CodeIgniter.php(918): App\Controllers\Home->index()
#7 C:\xampp\htdocs\sikerja\system\CodeIgniter.php(404): CodeIgniter\CodeIgniter->runController(Object(App\Controllers\Home))
#8 C:\xampp\htdocs\sikerja\system\CodeIgniter.php(312): CodeIgniter\CodeIgniter->handleRequest(NULL, Object(Config\Cache), false)
#9 C:\xampp\htdocs\sikerja\public\index.php(45): CodeIgniter\CodeIgniter->run()
#10 C:\xampp\htdocs\sikerja\system\Commands\Server\rewrite.php(34): require_once('C:\\xampp\\htdocs...')
#11 {main}
CRITICAL - 2020-08-12 11:04:06 --> Uncaught ErrorException: include(): Filename cannot be empty in C:\xampp\htdocs\sikerja\system\Debug\Exceptions.php:308
Stack trace:
#0 C:\xampp\htdocs\sikerja\system\Debug\Exceptions.php(308): CodeIgniter\Debug\Exceptions->errorHandler(2, 'include(): File...', 'C:\\xampp\\htdocs...', 308, Array)
#1 C:\xampp\htdocs\sikerja\system\Debug\Exceptions.php(308): include()
#2 C:\xampp\htdocs\sikerja\system\Debug\Exceptions.php(174): CodeIgniter\Debug\Exceptions->render(Object(Error), 500)
#3 [internal function]: CodeIgniter\Debug\Exceptions->exceptionHandler(Object(Error))
#4 {main}
  thrown
#0 [internal function]: CodeIgniter\Debug\Exceptions->shutdownHandler()
#1 {main}
CRITICAL - 2020-08-12 11:14:33 --> Call to a member function cookie() on null
#0 C:\xampp\htdocs\sikerja\system\View\View.php(246): include()
#1 C:\xampp\htdocs\sikerja\system\Common.php(1119): CodeIgniter\View\View->render('_partials/heade...', Array, true)
#2 C:\xampp\htdocs\sikerja\app\Views\dashboard.php(1): view('_partials/heade...')
#3 C:\xampp\htdocs\sikerja\system\View\View.php(246): include('C:\\xampp\\htdocs...')
#4 C:\xampp\htdocs\sikerja\system\Common.php(1119): CodeIgniter\View\View->render('dashboard', Array, true)
#5 C:\xampp\htdocs\sikerja\app\Controllers\Home.php(7): view('dashboard')
#6 C:\xampp\htdocs\sikerja\system\CodeIgniter.php(918): App\Controllers\Home->index()
#7 C:\xampp\htdocs\sikerja\system\CodeIgniter.php(404): CodeIgniter\CodeIgniter->runController(Object(App\Controllers\Home))
#8 C:\xampp\htdocs\sikerja\system\CodeIgniter.php(312): CodeIgniter\CodeIgniter->handleRequest(NULL, Object(Config\Cache), false)
#9 C:\xampp\htdocs\sikerja\public\index.php(45): CodeIgniter\CodeIgniter->run()
#10 C:\xampp\htdocs\sikerja\system\Commands\Server\rewrite.php(34): require_once('C:\\xampp\\htdocs...')
#11 {main}
CRITICAL - 2020-08-12 11:14:33 --> Uncaught ErrorException: include(): Filename cannot be empty in C:\xampp\htdocs\sikerja\system\Debug\Exceptions.php:308
Stack trace:
#0 C:\xampp\htdocs\sikerja\system\Debug\Exceptions.php(308): CodeIgniter\Debug\Exceptions->errorHandler(2, 'include(): File...', 'C:\\xampp\\htdocs...', 308, Array)
#1 C:\xampp\htdocs\sikerja\system\Debug\Exceptions.php(308): include()
#2 C:\xampp\htdocs\sikerja\system\Debug\Exceptions.php(174): CodeIgniter\Debug\Exceptions->render(Object(Error), 500)
#3 [internal function]: CodeIgniter\Debug\Exceptions->exceptionHandler(Object(Error))
#4 {main}
  thrown
#0 [internal function]: CodeIgniter\Debug\Exceptions->shutdownHandler()
#1 {main}
CRITICAL - 2020-08-12 11:20:41 --> Call to a member function cookie() on null
#0 C:\xampp\htdocs\sikerja\system\View\View.php(246): include()
#1 C:\xampp\htdocs\sikerja\system\Common.php(1119): CodeIgniter\View\View->render('template/header', Array, true)
#2 C:\xampp\htdocs\sikerja\app\Views\dashboard.php(1): view('template/header')
#3 C:\xampp\htdocs\sikerja\system\View\View.php(246): include('C:\\xampp\\htdocs...')
#4 C:\xampp\htdocs\sikerja\system\Common.php(1119): CodeIgniter\View\View->render('dashboard', Array, true)
#5 C:\xampp\htdocs\sikerja\app\Controllers\Home.php(7): view('dashboard')
#6 C:\xampp\htdocs\sikerja\system\CodeIgniter.php(918): App\Controllers\Home->index()
#7 C:\xampp\htdocs\sikerja\system\CodeIgniter.php(404): CodeIgniter\CodeIgniter->runController(Object(App\Controllers\Home))
#8 C:\xampp\htdocs\sikerja\system\CodeIgniter.php(312): CodeIgniter\CodeIgniter->handleRequest(NULL, Object(Config\Cache), false)
#9 C:\xampp\htdocs\sikerja\public\index.php(45): CodeIgniter\CodeIgniter->run()
#10 C:\xampp\htdocs\sikerja\system\Commands\Server\rewrite.php(34): require_once('C:\\xampp\\htdocs...')
#11 {main}
CRITICAL - 2020-08-12 11:20:42 --> Uncaught ErrorException: include(): Filename cannot be empty in C:\xampp\htdocs\sikerja\system\Debug\Exceptions.php:308
Stack trace:
#0 C:\xampp\htdocs\sikerja\system\Debug\Exceptions.php(308): CodeIgniter\Debug\Exceptions->errorHandler(2, 'include(): File...', 'C:\\xampp\\htdocs...', 308, Array)
#1 C:\xampp\htdocs\sikerja\system\Debug\Exceptions.php(308): include()
#2 C:\xampp\htdocs\sikerja\system\Debug\Exceptions.php(174): CodeIgniter\Debug\Exceptions->render(Object(Error), 500)
#3 [internal function]: CodeIgniter\Debug\Exceptions->exceptionHandler(Object(Error))
#4 {main}
  thrown
#0 [internal function]: CodeIgniter\Debug\Exceptions->shutdownHandler()
#1 {main}
CRITICAL - 2020-08-12 11:20:43 --> Call to a member function cookie() on null
#0 C:\xampp\htdocs\sikerja\system\View\View.php(246): include()
#1 C:\xampp\htdocs\sikerja\system\Common.php(1119): CodeIgniter\View\View->render('template/header', Array, true)
#2 C:\xampp\htdocs\sikerja\app\Views\dashboard.php(1): view('template/header')
#3 C:\xampp\htdocs\sikerja\system\View\View.php(246): include('C:\\xampp\\htdocs...')
#4 C:\xampp\htdocs\sikerja\system\Common.php(1119): CodeIgniter\View\View->render('dashboard', Array, true)
#5 C:\xampp\htdocs\sikerja\app\Controllers\Home.php(7): view('dashboard')
#6 C:\xampp\htdocs\sikerja\system\CodeIgniter.php(918): App\Controllers\Home->index()
#7 C:\xampp\htdocs\sikerja\system\CodeIgniter.php(404): CodeIgniter\CodeIgniter->runController(Object(App\Controllers\Home))
#8 C:\xampp\htdocs\sikerja\system\CodeIgniter.php(312): CodeIgniter\CodeIgniter->handleRequest(NULL, Object(Config\Cache), false)
#9 C:\xampp\htdocs\sikerja\public\index.php(45): CodeIgniter\CodeIgniter->run()
#10 C:\xampp\htdocs\sikerja\system\Commands\Server\rewrite.php(34): require_once('C:\\xampp\\htdocs...')
#11 {main}
CRITICAL - 2020-08-12 11:20:43 --> Uncaught ErrorException: include(): Filename cannot be empty in C:\xampp\htdocs\sikerja\system\Debug\Exceptions.php:308
Stack trace:
#0 C:\xampp\htdocs\sikerja\system\Debug\Exceptions.php(308): CodeIgniter\Debug\Exceptions->errorHandler(2, 'include(): File...', 'C:\\xampp\\htdocs...', 308, Array)
#1 C:\xampp\htdocs\sikerja\system\Debug\Exceptions.php(308): include()
#2 C:\xampp\htdocs\sikerja\system\Debug\Exceptions.php(174): CodeIgniter\Debug\Exceptions->render(Object(Error), 500)
#3 [internal function]: CodeIgniter\Debug\Exceptions->exceptionHandler(Object(Error))
#4 {main}
  thrown
#0 [internal function]: CodeIgniter\Debug\Exceptions->shutdownHandler()
#1 {main}
CRITICAL - 2020-08-12 11:26:17 --> Call to a member function view() on null
#0 C:\xampp\htdocs\sikerja\system\View\View.php(246): include()
#1 C:\xampp\htdocs\sikerja\system\Common.php(1119): CodeIgniter\View\View->render('dashboard', Array, true)
#2 C:\xampp\htdocs\sikerja\app\Controllers\Home.php(7): view('dashboard')
#3 C:\xampp\htdocs\sikerja\system\CodeIgniter.php(918): App\Controllers\Home->index()
#4 C:\xampp\htdocs\sikerja\system\CodeIgniter.php(404): CodeIgniter\CodeIgniter->runController(Object(App\Controllers\Home))
#5 C:\xampp\htdocs\sikerja\system\CodeIgniter.php(312): CodeIgniter\CodeIgniter->handleRequest(NULL, Object(Config\Cache), false)
#6 C:\xampp\htdocs\sikerja\public\index.php(45): CodeIgniter\CodeIgniter->run()
#7 C:\xampp\htdocs\sikerja\system\Commands\Server\rewrite.php(34): require_once('C:\\xampp\\htdocs...')
#8 {main}
CRITICAL - 2020-08-12 11:26:17 --> Uncaught ErrorException: include(): Filename cannot be empty in C:\xampp\htdocs\sikerja\system\Debug\Exceptions.php:308
Stack trace:
#0 C:\xampp\htdocs\sikerja\system\Debug\Exceptions.php(308): CodeIgniter\Debug\Exceptions->errorHandler(2, 'include(): File...', 'C:\\xampp\\htdocs...', 308, Array)
#1 C:\xampp\htdocs\sikerja\system\Debug\Exceptions.php(308): include()
#2 C:\xampp\htdocs\sikerja\system\Debug\Exceptions.php(174): CodeIgniter\Debug\Exceptions->render(Object(Error), 500)
#3 [internal function]: CodeIgniter\Debug\Exceptions->exceptionHandler(Object(Error))
#4 {main}
  thrown
#0 [internal function]: CodeIgniter\Debug\Exceptions->shutdownHandler()
#1 {main}
CRITICAL - 2020-08-12 11:26:31 --> Call to a member function view() on null
#0 C:\xampp\htdocs\sikerja\system\View\View.php(246): include()
#1 C:\xampp\htdocs\sikerja\system\Common.php(1119): CodeIgniter\View\View->render('dashboard', Array, true)
#2 C:\xampp\htdocs\sikerja\app\Controllers\Home.php(7): view('dashboard')
#3 C:\xampp\htdocs\sikerja\system\CodeIgniter.php(918): App\Controllers\Home->index()
#4 C:\xampp\htdocs\sikerja\system\CodeIgniter.php(404): CodeIgniter\CodeIgniter->runController(Object(App\Controllers\Home))
#5 C:\xampp\htdocs\sikerja\system\CodeIgniter.php(312): CodeIgniter\CodeIgniter->handleRequest(NULL, Object(Config\Cache), false)
#6 C:\xampp\htdocs\sikerja\public\index.php(45): CodeIgniter\CodeIgniter->run()
#7 C:\xampp\htdocs\sikerja\system\Commands\Server\rewrite.php(34): require_once('C:\\xampp\\htdocs...')
#8 {main}
CRITICAL - 2020-08-12 11:26:31 --> Uncaught ErrorException: include(): Filename cannot be empty in C:\xampp\htdocs\sikerja\system\Debug\Exceptions.php:308
Stack trace:
#0 C:\xampp\htdocs\sikerja\system\Debug\Exceptions.php(308): CodeIgniter\Debug\Exceptions->errorHandler(2, 'include(): File...', 'C:\\xampp\\htdocs...', 308, Array)
#1 C:\xampp\htdocs\sikerja\system\Debug\Exceptions.php(308): include()
#2 C:\xampp\htdocs\sikerja\system\Debug\Exceptions.php(174): CodeIgniter\Debug\Exceptions->render(Object(Error), 500)
#3 [internal function]: CodeIgniter\Debug\Exceptions->exceptionHandler(Object(Error))
#4 {main}
  thrown
#0 [internal function]: CodeIgniter\Debug\Exceptions->shutdownHandler()
#1 {main}
CRITICAL - 2020-08-12 11:33:24 --> Call to undefined function Views()
#0 C:\xampp\htdocs\sikerja\system\View\View.php(246): include()
#1 C:\xampp\htdocs\sikerja\system\Common.php(1119): CodeIgniter\View\View->render('dashboard', Array, true)
#2 C:\xampp\htdocs\sikerja\app\Controllers\Home.php(7): view('dashboard')
#3 C:\xampp\htdocs\sikerja\system\CodeIgniter.php(918): App\Controllers\Home->index()
#4 C:\xampp\htdocs\sikerja\system\CodeIgniter.php(404): CodeIgniter\CodeIgniter->runController(Object(App\Controllers\Home))
#5 C:\xampp\htdocs\sikerja\system\CodeIgniter.php(312): CodeIgniter\CodeIgniter->handleRequest(NULL, Object(Config\Cache), false)
#6 C:\xampp\htdocs\sikerja\public\index.php(45): CodeIgniter\CodeIgniter->run()
#7 C:\xampp\htdocs\sikerja\system\Commands\Server\rewrite.php(34): require_once('C:\\xampp\\htdocs...')
#8 {main}
CRITICAL - 2020-08-12 11:33:24 --> Uncaught ErrorException: include(): Filename cannot be empty in C:\xampp\htdocs\sikerja\system\Debug\Exceptions.php:308
Stack trace:
#0 C:\xampp\htdocs\sikerja\system\Debug\Exceptions.php(308): CodeIgniter\Debug\Exceptions->errorHandler(2, 'include(): File...', 'C:\\xampp\\htdocs...', 308, Array)
#1 C:\xampp\htdocs\sikerja\system\Debug\Exceptions.php(308): include()
#2 C:\xampp\htdocs\sikerja\system\Debug\Exceptions.php(174): CodeIgniter\Debug\Exceptions->render(Object(Error), 500)
#3 [internal function]: CodeIgniter\Debug\Exceptions->exceptionHandler(Object(Error))
#4 {main}
  thrown
#0 [internal function]: CodeIgniter\Debug\Exceptions->shutdownHandler()
#1 {main}
CRITICAL - 2020-08-12 12:04:25 --> Invalid file: dashboard.php
#0 C:\xampp\htdocs\sikerja\system\View\View.php(228): CodeIgniter\Exceptions\FrameworkException::forInvalidFile('dashboard.php')
#1 C:\xampp\htdocs\sikerja\system\Common.php(1119): CodeIgniter\View\View->render('dashboard', Array, true)
#2 C:\xampp\htdocs\sikerja\app\Controllers\Home.php(7): view('dashboard')
#3 C:\xampp\htdocs\sikerja\system\CodeIgniter.php(918): App\Controllers\Home->index()
#4 C:\xampp\htdocs\sikerja\system\CodeIgniter.php(404): CodeIgniter\CodeIgniter->runController(Object(App\Controllers\Home))
#5 C:\xampp\htdocs\sikerja\system\CodeIgniter.php(312): CodeIgniter\CodeIgniter->handleRequest(NULL, Object(Config\Cache), false)
#6 C:\xampp\htdocs\sikerja\public\index.php(45): CodeIgniter\CodeIgniter->run()
#7 C:\xampp\htdocs\sikerja\system\Commands\Server\rewrite.php(34): require_once('C:\\xampp\\htdocs...')
#8 {main}
CRITICAL - 2020-08-12 12:04:25 --> Uncaught ErrorException: include(): Filename cannot be empty in C:\xampp\htdocs\sikerja\system\Debug\Exceptions.php:308
Stack trace:
#0 C:\xampp\htdocs\sikerja\system\Debug\Exceptions.php(308): CodeIgniter\Debug\Exceptions->errorHandler(2, 'include(): File...', 'C:\\xampp\\htdocs...', 308, Array)
#1 C:\xampp\htdocs\sikerja\system\Debug\Exceptions.php(308): include()
#2 C:\xampp\htdocs\sikerja\system\Debug\Exceptions.php(174): CodeIgniter\Debug\Exceptions->render(Object(CodeIgniter\View\Exceptions\ViewException), 500)
#3 [internal function]: CodeIgniter\Debug\Exceptions->exceptionHandler(Object(CodeIgniter\View\Exceptions\ViewException))
#4 {main}
  thrown
#0 [internal function]: CodeIgniter\Debug\Exceptions->shutdownHandler()
#1 {main}
CRITICAL - 2020-08-12 12:04:28 --> Invalid file: dashboard.php
#0 C:\xampp\htdocs\sikerja\system\View\View.php(228): CodeIgniter\Exceptions\FrameworkException::forInvalidFile('dashboard.php')
#1 C:\xampp\htdocs\sikerja\system\Common.php(1119): CodeIgniter\View\View->render('dashboard', Array, true)
#2 C:\xampp\htdocs\sikerja\app\Controllers\Home.php(7): view('dashboard')
#3 C:\xampp\htdocs\sikerja\system\CodeIgniter.php(918): App\Controllers\Home->index()
#4 C:\xampp\htdocs\sikerja\system\CodeIgniter.php(404): CodeIgniter\CodeIgniter->runController(Object(App\Controllers\Home))
#5 C:\xampp\htdocs\sikerja\system\CodeIgniter.php(312): CodeIgniter\CodeIgniter->handleRequest(NULL, Object(Config\Cache), false)
#6 C:\xampp\htdocs\sikerja\public\index.php(45): CodeIgniter\CodeIgniter->run()
#7 C:\xampp\htdocs\sikerja\system\Commands\Server\rewrite.php(34): require_once('C:\\xampp\\htdocs...')
#8 {main}
CRITICAL - 2020-08-12 12:04:28 --> Uncaught ErrorException: include(): Filename cannot be empty in C:\xampp\htdocs\sikerja\system\Debug\Exceptions.php:308
Stack trace:
#0 C:\xampp\htdocs\sikerja\system\Debug\Exceptions.php(308): CodeIgniter\Debug\Exceptions->errorHandler(2, 'include(): File...', 'C:\\xampp\\htdocs...', 308, Array)
#1 C:\xampp\htdocs\sikerja\system\Debug\Exceptions.php(308): include()
#2 C:\xampp\htdocs\sikerja\system\Debug\Exceptions.php(174): CodeIgniter\Debug\Exceptions->render(Object(CodeIgniter\View\Exceptions\ViewException), 500)
#3 [internal function]: CodeIgniter\Debug\Exceptions->exceptionHandler(Object(CodeIgniter\View\Exceptions\ViewException))
#4 {main}
  thrown
#0 [internal function]: CodeIgniter\Debug\Exceptions->shutdownHandler()
#1 {main}
